3528372
60890
1284572
1006124
110
3335114
2667226
691632
553686
193962
1942798
405080
2753896
456060
199450
3034968
3582888
1514612
83748
1650318
66964
1193578
59252
1833546
750490
2701060
2834250
1427448
178244
1106606
1051738
512136
814200
221990
388666
20108
2952008
2939404
3139934
308638
2491344
1956
1520354
491858
486904
2325316
3167774
842
1310792
89252
433636
1936484
2230698
98402
988034
2779696
1991348
255186
1190380
613540
182808
1978590
1374778
454
1729766
2080688
3032552
1199622
243736
142688
272762
943306
1499570
2228118
6
2435372
284238
558560
308880
2356166
1364504
3264322
7398
509710
1351536
2358338
2619796
1307128
59986
1306992
564420
726580
78190
356906
90
1797538
271234
3443132
3440360
377164
