0
0
0
20069074
15230
183071445
1086
58
8
4270050
141546293
961
0
11
0
0
14
0
9427
0
1307471
21130
210123
119
34
49689681
75862
1305132
2025487
260551
0
0
117889
1084926
62947
4
399
48179841
0
0
1268082
306109302
5894
0
43286289
9931
1903
2394
63032019
2736604
7683439
2452
44214
14
1060732
28719
10522742
0
184740
988264
28267
166912
14
1095749
314442
1635805
469541
20342
0
0
1
1
979664548
22348
0
0
15
11570666
21162224
3169
229836
15692381
506
11313866
190104796
82491
0
245
22888
8919
0
0
6086672
78656610
59058
0
179602161
16
874104925
717598
