1948442967
1474472364
1000501761
1388464438
1000501761
947431621
1000501761
1080808831
1161115902
1080808831
1161115902
1080808831
1000501761
947431621
927627868
964064814
1000501761
1080808831
1000501761
964064814
927627868
964064814
927627868
910994675
927627868
929997840
927627868
910994675
927627868
929997840
927627868
929997840
927627868
929997840
932367812
966434786
932367812
938427003
932367812
938427003
944486195
972493978
1000501761
1080808831
1161115902
1080808831
1161115902
1191758723
1161115902
1080808831
1161115902
1080808831
1161115902
1080808831
1000501761
1066861166
1133220572
1066861166
1009010663
1006518150
1004025637
1006518150
1004025637
1002263699
1000501761
1002263699
1004025637
1002263699
1000501761
972493978
944486195
938427003
932367812
938427003
932367812
938427003
932367812
938427003
944486195
938427003
944486195
938427003
932367812
938427003
944486195
938427003
932367812
929997840
932367812
938427003
944486195
966834671
944486195
966834671
944486195
966834671
989183148
994842454
989183148
994842454
