6172 6606 16072 12712 6617 6683 5817 5717 5717 5717
28321 28321 29562 38321 38321 38322 38331 38362 38632 39062
13933 13933 13935 14727 21727 25023 25024 24952 15023 14883
14314 16547 23277 23243 23240 14473 13240 14214 14241 14241
846 1045 1857 4624 1435 835 757 755 835 846
3478 3527 3578 5418 10099 3508 3009 2478 3327 3478
1301 1237 1237 1238 1344 2237 2231 2227 2234 5569
3771 3829 3739 3725 2939 8597 7945 3735 3735 3735
12339 22327 22327 19335 12337 12499 13336 12342 12399 12437
18703 18904 18868 28709 28822 28822 28057 24057 17821 17822
23978 30001 33978 33855 33977 33971 33967 27825 23932 23901
32653 38618 42620 42620 43553 43619 42782 42620 42620 38785
15697 20124 25697 25698 25244 19638 15688 15695 15697 15697
18684 28684 28684 28667 27973 21973 17595 17594 17649 18648
6837 6839 6620 5838 5838 5838 6336 10319 16830 9610
26885 27565 36895 36975 36995 36769 35995 35963 31659 26564
9555 9618 9523 10455 10523 10522 10524 17464 19728 17723
28367 39285 38361 38361 38362 38362 38458 30378 28461 28378
14378 15058 15289 24089 25378 25378 24546 15368 15369 14547
22640 23622 23622 23622 32634 33622 33527 33521 33524 32756
1074 540 540 538 539 473 1604 974 668 1540
4599 4599 4597 4577 4599 4599 4599 5259 8258 14254
7999 7999 7997 10652 17999 15328 8000 7993 7999 7999
11573 11639 11393 10639 17506 21632 21633 14347 11539 11539
4719 14719 7717 4556 4555 4539 4455 4456 4523 4546
5679 14069 13769 6579 6579 6579 6579 5769 5679 5669
9798 10636 18858 18856 10686 8848 8858 8858 8795 9697
17793 18093 18796 18796 27093 28789 28739 28437 25439 17785
4655 5123 4323 4323 13655 6123 4357 4433 4334 4334
16500 16556 16546 16546 23434 27370 26557 26557 22297 16457
8479 8479 8479 8459 10390 18379 17759 8390 9370 8771
12256 12256 12256 12255 14270 22246 22247 20953 12896 12180
7378 7378 7377 7377 7377 8578 17021 12942 6568 7369
21168 21171 21178 25461 31178 31457 32077 32161 31774 21770
18285 17755 17755 22973 27973 28676 28646 28680 19286 18756
34241 44241 43989 43249 43250 43309 43342 43290 43708 36989
1702 1872 2702 2661 8130 2602 2602 1951 1672 1701
1143 295 295 295 295 293 285 375 1100 364
22025 31925 32442 32922 32942 32124 23022 23022 23032 22134
11463 11463 11824 21464 21472 19434 11526 11524 10563 10887
27642 37612 36712 37085 37585 37645 37652 29814 27642 27642
15196 15262 14651 14251 14162 20030 25167 25173 25172 17551
14031 23030 22979 22979 14030 12974 13024 13424 14080 14080
11504 11504 11551 11605 11605 11612 12362 21415 20515 19062
11510 11606 11602 11602 11217 14500 21415 21501 16116 11501
19448 18948 25285 29325 29557 29458 29457 20958 19457 19457
9003 8773 8333 8413 8383 8323 18003 18323 9773 8323
31365 35945 41336 40536 40354 40954 41366 41364 41364 34626
19623 29626 29632 29573 29523 25863 18864 18891 19623 19623
1943 1743 1659 1663 2362 2758 2759 2759 8357 2937
12270 22277 22277 19956 12277 12277 12449 12856 12261 12267
7559 17260 17922 8123 7824 7824 7868 7934 7934 7932
16317 16334 16370 16317 16317 20127 27124 26560 26314 23570
6515 6516 6514 6506 6134 5535 5963 15515 10143 5944
17980 27666 27666 27573 27616 18883 18576 18575 18575 18625
4847 5605 5406 4604 13844 7406 4614 4654 4616 4614
4064 4064 4492 11952 6742 4142 4072 4064 4064 4064
24982 25285 33990 34398 34490 34498 34498 34497 26369 24388
30317 40680 41217 41216 41216 41216 41309 40469 31306 30469
14118 14470 15111 15107 15109 23469 25169 25140 23564 14118
14347 14646 15358 23647 25348 25258 24748 15347 15358 14838
3820 10727 4927 3721 3721 3721 3721 3721 3721 3735
4356 4356 4356 4361 4456 4453 8612 12658 4346 4351
14272 14268 13956 15156 23378 23378 23282 15882 14055 14278
14700 24738 23792 23768 15799 13778 14637 14778 14778 14778
6873 6873 6866 6863 6870 6786 6470 15963 11709 6377
2399 3390 6372 2373 1464 1464 1464 1471 1474 2309
17244 17244 17250 17253 17906 23930 28310 28244 27907 25907
20904 20904 20904 20910 25381 31426 31915 31914 31484 29483
2801 6809 3398 1801 1801 2220 2801 2800 2801 2808
18354 23208 27797 27797 28208 28762 19344 18786 18787 18797
17734 18716 18716 27727 28705 28638 28138 24138 17614 17634
28000 37999 37989 37999 37999 37999 38000 30821 27995 28000
7812 7942 7942 7942 7942 7943 7948 7942 17787 17420
4154 4158 4253 4257 8054 11240 5036 4258 4250 4230
2118 2111 2773 3177 3130 3118 3118 3118 10196 2531
25334 24952 34406 34480 34452 34380 34380 34379 25852 24380
22475 22475 22476 23282 31383 31466 31466 31466 31974 25822
271 273 297 1180 380 296 296 297 1258 287
16350 21968 26343 26368 27068 22658 16351 16348 16353 16353
11921 21921 21917 19117 11821 11821 11832 11528 11923 11927
8359 8359 8899 16646 18396 12196 8459 8405 8358 8358
36400 46979 47315 46400 46482 46499 46499 46499 46500 39330
12597 12597 12597 12597 12594 12587 14710 22713 23567 23291
3850 3858 9835 6321 3754 3758 3758 3758 3750 3748
7062 7062 8121 17062 12832 6833 6063 6023 6021 7021
5113 4856 4815 4756 7255 14854 5105 5345 5846 5845
27011 27246 27311 37116 37356 37356 37356 37351 36356 34341
29075 30027 38975 39942 39127 38941 38944 38952 38947 33160
9652 9693 10545 10545 10545 10546 10555 17802 19595 16762
572 2284 461 561 561 1261 1561 672 561 561
6822 10940 15822 7339 5914 6447 6822 6827 6832 6825
25310 35302 35846 35070 34749 34809 34856 28169 24857 24857
23896 29904 33919 33514 33907 33913 33818 27413 23818 23813
2350 2849 3327 3256 3256 3349 3356 11112 3347 2618
22546 26217 31613 31608 31703 32306 32703 23636 22704 22639
14711 14216 13719 13719 13716 17803 24619 24618 24619 16205
14429 14229 14226 15155 22230 25156 25156 25156 15332 15221
4729 4819 4819 5729 5819 12407 10475 4717 4708 4718
1332 882 889 893 843 3337 1333 1360 1883 1883
3936 3597 3936 3891 3837 3831 3832 3926 12232 5287
12922 12920 16523 22923 23020 22422 13523 13921 13921 13425
1871 2365 2861 2861 9179 2961 2962 2772 1872 1866
3223 3396 3400 3399 3399 11395 3399 3396 2573 2400
24879 24879 29933 34879 34927 35879 35880 35720 32660 24834
5704 5978 6004 5735 5079 5076 5026 14700 8635 4978
10367 11100 11380 11380 20190 21380 20467 11379 11376 10466
4100 4056 4056 4267 4093 4045 10256 8100 4146 4156
3457 3457 3457 3185 2479 3079 3549 8024 7191 3457
31129 41120 41120 40127 40121 40218 41120 41120 34126 31217
9000 9000 9033 9100 13833 19833 18869 10069 9768 9000
16867 16866 16875 20155 26877 26868 27055 27446 17877 17459
23246 33246 33307 33347 33356 33353 28353 22355 23116 23350
648 2229 620 569 575 575 576 576 1340 1567
5860 5860 5092 4760 4791 4860 5387 14859 7125 5391
7299 7299 7299 7298 7282 17198 14681 6681 6191 6192
14209 24212 24536 24619 20083 14009 13535 13530 13526 13526
33505 40977 43979 44515 44515 44566 44515 44093 43506 41084
31859 39263 41760 41760 41760 41760 41760 41762 41861 32960
1854 1862 2763 2949 2878 9086 2844 2844 2278 1852
32280 36548 42281 42287 42281 42549 42857 42249 42280 38918
29301 35885 39304 39882 40382 40400 40400 40323 37324 29324
17299 27396 28299 28396 24951 18345 17840 17286 17286 17289
25245 35255 35255 35255 35645 36249 35189 26344 26154 25244
9718 19372 19375 9708 9276 9276 10258 10265 10265 10265
32038 42035 42028 42220 42106 42139 42056 42038 35655 32038
16736 26712 26709 26703 24227 17801 17802 16828 16802 16802
17279 27278 27300 27378 27039 18100 18330 18270 18279 17940
11079 15766 20166 20075 12206 10830 11078 11078 11078 11079
223 738 121 636 237 222 222 222 227 232
13729 14069 23630 24041 23250 17262 13141 13141 13141 13141
9847 9440 8857 8858 8858 10031 18757 18757 10613 9847
23791 23782 23782 25300 33800 33883 33883 33792 33407 31710
9958 9942 10674 18758 21043 20051 11043 11043 11048 10060
19048 29003 28954 28954 28196 22193 18045 18639 19045 19044
21547 21547 21634 21658 28209 32557 32557 32557 32557 31542
10455 13206 19445 19445 11165 9445 9477 10375 10355 10387
7980 7980 7980 7981 7980 7980 10898 17980 14849 7897
10385 9540 9540 9541 13900 19897 20597 11485 10585 10540
19504 19504 23288 29604 29404 28606 29356 24414 19515 19515
2087 2267 5365 1281 996 996 996 996 1070 1266
4804 5762 5743 4943 4662 13704 7953 4672 4663 4704
3301 3301 3251 3201 3211 3201 3201 2771 9551 2561
20281 30287 30771 30697 30197 23687 20280 20280 20280 20280
723 777 823 823 827 1687 1834 4228 724 724
23216 23216 23253 26045 33135 32307 32315 33055 33244 28044
20184 26261 30192 30233 30455 30094 24446 20084 20084 20162
7359 17359 9699 6359 6483 7359 7330 7254 7284 7360
11279 11272 10400 10178 10353 16354 21179 21179 13467 11279
4985 4985 4985 4995 4994 10004 15068 6088 6058 5058
6843 9579 16878 9926 5935 5843 5849 6589 6853 6845
25134 35129 35139 35139 35324 36038 34443 26118 25543 25138
17092 17053 17066 17144 20866 27144 27866 28146 28155 18173
17236 17227 24045 28086 28246 28237 25647 17647 17237 17237
4121 4730 4122 4200 4221 4221 12892 6159 4220 4159
869 800 3595 860 863 1560 1863 1863 990 862
4904 4904 4913 5093 5915 12093 12655 4905 4953 4905
13163 13416 14163 14162 22418 23718 23072 18692 13163 13163
5243 5244 5592 6243 6243 6252 13533 12235 5327 5243
13076 13004 13004 18480 23482 24082 22186 14106 13176 13104
9260 9914 9906 9624 18250 18910 12679 8935 8916 8916
3042 2412 2042 2012 2305 2953 3009 3043 8399 4413
1330 1336 1336 2124 2436 2436 2435 2395 6088 1394
17020 16938 16939 17037 17938 24036 27938 27022 26932 24110
4326 7485 5215 4336 4336 4335 4336 4410 4416 4326
14376 23376 23389 23446 14466 13449 14199 14457 14457 14457
5936 5936 5779 4935 5245 14926 7785 5026 4975 5252
10454 10818 10818 10853 10854 20444 20257 16261 9818 9818
25230 31173 35216 35215 36122 36205 36206 34349 25353 25216
1145 699 762 762 745 2499 1152 672 1502 1662
23936 33852 33826 33826 33867 33927 31054 23595 23935 23936
24619 34618 34609 34676 35303 35618 31461 24619 24619 24619
6092 16087 7912 5082 4997 4981 4981 4981 4982 5984
1467 1487 1497 1497 2476 7460 2496 2496 2474 1470
23680 30585 32970 33680 33680 33680 33593 25282 23680 23680
10992 13233 20885 20885 14099 9886 9936 10335 10994 10995
3352 9073 4052 2364 3343 3343 3343 3253 3253 3274
2111 2163 2043 1163 1163 1172 1173 1173 2092 4892
9668 9662 9569 9671 10562 10562 16671 20561 19777 9877
8222 8222 8228 13452 18402 13810 8122 8198 8222 8222
460 460 437 360 381 1360 637 1655 359 381
19352 19344 19344 19344 21990 28244 28604 29354 29353 23761
11483 21441 20483 12659 11443 11441 11441 11441 11509 11541
4838 4838 4838 4838 4838 4807 7961 15297 5743 5407
35083 45086 44443 44043 44076 44666 45083 45084 45084 37434
652 659 660 659 659 659 748 1148 1759 3857
12003 19259 22039 22003 14790 12014 12014 12050 12004 12004
11690 11317 11784 20316 21816 21883 12789 11894 11894 11797
10089 10002 9089 10438 19003 19039 11196 9112 9545 10102
11886 11860 11928 11960 11960 11960 12730 21959 21959 20783
305 305 305 305 306 315 365 315 666 2063
18673 18670 18583 18760 28578 27782 27578 27578 22863 17860
10432 10426 10336 9536 10722 19322 19421 12635 9822 10423
12712 12708 12715 12796 12818 18172 23818 23722 20722 12722
11701 11701 11702 11710 11701 11701 12082 21701 21340 19711
3538 3531 3591 3630 3637 3550 2637 6164 9551 3551
5490 4641 4641 6003 14650 5490 4702 4741 5051 5641
24034 24034 27239 34033 34024 34025 34169 34030 31064 24068
31334 40480 41025 41480 41524 41579 41580 41580 32388 31480
1125 1567 2737 477 515 575 576 576 576 576
13094 13018 18305 22985 23301 22108 14001 14084 13215 13094
7642 7642 7642 9882 17621 14021 7031 6831 7642 7641
24561 24564 24652 32644 35289 34561 34561 34490 34461 29272
18342 28341 28353 27441 27442 20412 17442 17441 18192 18403
23764 33824 33865 33865 33863 33775 31264 23264 23633 23764
13748 12995 12995 15783 23095 23094 23086 14498 13986 13985
5902 15679 5818 5573 5743 6579 6579 6579 6644 6679
14456 14458 14134 15557 23458 23458 23433 16128 14347 14446
24509 35509 35511 34571 34566 34566 27502 24576 24577 24511
10943 20920 20914 16942 10990 11019 10042 10019 10019 10591
5799 10974 15599 5704 5979 6598 6678 6698 6698 6698
20082 29081 30007 30006 30006 30010 21038 20017 20017 20061
29078 33248 38977 38968 38967 39207 39977 40017 39208 29208
18556 18021 17656 17656 21422 27556 28353 28547 28547 20011
5329 5321 6027 6421 6421 6421 6329 5422 13124 12240
5846 6138 15329 7328 4829 4756 4756 4835 4846 5132
4032 7928 10432 4032 4027 4036 4192 4035 4035 4036
25125 34269 34276 34276 34276 34276 34276 25137 24237 24167
5261 9751 15087 5260 5260 5831 6361 6361 6284 6084
31313 35315 41317 40889 40317 40289 41215 41209 41207 34779
2478 2314 1478 1474 4515 3311 1524 2478 2414 2424
16118 16690 16117 24761 26217 26208 26207 18160 16218 16169
4056 4056 4073 4156 4409 9806 8589 4046 4053 4056
8060 8138 8160 8160 8073 8059 8059 11237 18060 15474
20320 20066 20157 20157 29921 30051 30046 30046 30046 20510
2620 1729 1762 1770 6640 3596 2763 2763 2762 2720
3797 3774 3107 3764 3764 11081 5804 3864 3871 3874
5641 4721 4722 4821 4821 4821 4821 6522 15522 6643
1117 1021 1006 1007 1471 2074 2117 2117 4798 1117
37036 46942 46942 46942 46942 47060 47941 47941 47969 46236
1899 1899 1558 899 899 898 882 899 1232 3890
23757 27208 33747 33747 33754 33628 33313 29672 23772 23757
526 526 526 430 436 436 2165 901 1537 837
20355 20355 20354 21870 30370 30446 30446 30380 30610 21084
10773 14173 20267 19778 12256 9679 10169 10779 10778 10768
2460 2838 3459 3459 11754 3459 3544 3560 3560 3382
8347 8348 8357 8357 8356 8356 9637 18437 18715 9415
4338 4176 14044 4239 4044 4043 4051 4053 4053 4124
16923 24856 27850 27930 27933 22455 16924 16923 16923 16923
18540 18539 18535 18160 19189 27640 27561 27540 28115 22161
30336 36102 39995 40044 40886 40885 40885 40885 40893 31334
19404 19404 24442 28404 28858 29452 29413 21999 19410 19404
28140 38083 38084 38093 38093 38461 38211 34239 28182 28183
8271 8275 9129 16274 18276 11125 8265 8265 8220 8165
4702 4639 4638 4630 4628 4637 6787 14787 5719 5738
6099 6099 6813 7099 7098 7092 14818 16352 7098 6352
26454 33816 36794 37234 37305 37339 37338 37338 27454 27338
34717 44640 44640 43740 43740 43740 43740 44363 44740 37817
3854 3766 3132 3776 3776 3776 11051 5939 3874 3866
7735 7678 6936 7734 7727 14925 17724 9668 7824 7769
14077 14077 14076 13400 12983 22977 22969 22967 16329 12985
19757 19756 23283 29757 29775 29588 29374 25536 19757 19757
8920 18544 20021 14221 9221 8921 8921 8921 8921 8929
30924 33571 40924 40972 40025 40032 40035 40682 41035 35035
18938 18881 17938 22231 27881 28238 28931 28980 21037 18980
20705 20777 20777 24705 30706 30667 31596 31676 29555 20676
25387 32391 35413 36396 36405 36345 36303 33389 25303 25303
27697 37697 37697 37690 37687 37687 37427 33637 27697 27697
18328 27842 27878 27942 28665 19329 18848 18852 18848 18842
1745 2540 7746 2546 2541 2541 1578 1540 1608 1640
35604 45064 44703 45614 45565 45505 45504 45504 45504 37044
13543 20475 23515 24435 22638 14506 14506 14513 13648 13516
5660 5660 12673 14832 6559 6559 6559 6552 5832 5579
22421 22421 24040 31422 31422 31412 31322 31358 24922 22350
4500 5271 4331 4333 13510 6272 4323 4323 4401 4371
29636 29792 38636 38635 38628 38625 38638 38726 38672 30792
21943 28855 32043 32899 33050 33054 32933 23053 23023 22822
13961 12962 12931 12932 15001 22922 22922 23001 14962 14001
32237 41245 42039 42039 42039 42040 42040 42045 42140 33121
3984 12449 3991 3995 3960 3971 3989 3984 3926 3984
9263 19293 16862 10193 10362 10263 10263 9772 9273 9271
15278 20379 24521 24177 24278 17449 15177 15169 15168 15269
15627 15630 15620 19919 24819 24919 25619 19920 15630 15627
18375 17503 17502 21656 27506 27666 28513 28505 19401 18503
20578 20500 27286 31326 31576 30700 30578 25700 20578 20578
18112 18403 27402 29101 29101 29101 27813 19112 18812 18103
1556 1080 789 2069 546 469 455 495 556 795
6058 15494 6403 7054 6984 6954 7003 7058 7058 6494
6357 15581 6499 5247 5246 5250 5301 6257 6257 6301
7444 7450 7312 6454 6841 12839 17531 10403 7502 7444
13867 23447 23444 23443 13769 13664 14364 14444 14453 14454
1627 2627 2700 2700 2700 2666 7655 1597 1599 1599
14856 14852 14662 13847 13847 17348 24403 24956 24872 17672
611 610 618 618 618 1180 1620 1220 618 2702
4416 4396 4335 4335 4335 4335 4326 4325 7305 13647
26746 26754 29145 36037 35645 35643 35735 36135 36744 30086
29728 40797 40796 40788 40786 40786 39818 35827 29796 29796
24317 34317 34317 34317 34317 34324 33016 24720 24965 24317
4873 4868 4864 4779 9300 13696 5863 5863 5186 4873
24866 32467 35460 35860 35861 34968 34861 29967 24860 24860
9676 13170 19347 19348 9693 9258 10115 10258 10258 10257
26728 26159 32899 36979 37259 37228 37158 37149 37159 27727
27857 27894 34729 37790 37948 37947 37954 37957 37957 30827
12599 12597 12600 15286 22600 22600 21910 13288 13600 12910
4282 4283 4280 4280 9862 10504 4192 4271 4280 4281
2165 4534 1534 1134 1075 1164 1165 1165 1655 2164
11403 11403 11403 12956 21433 21412 17359 10406 10957 11403
16617 16617 16617 20753 26608 26744 27614 25498 16654 16658
11118 11108 11170 11121 11117 10428 11880 20118 20881 16429
4246 4246 4247 4255 4157 8893 11025 4257 4257 4257
32931 42499 42498 42490 42422 42398 42398 42398 42451 33883
24540 24540 24537 29613 34613 35539 35086 34440 34440 31137
1722 2210 2638 2638 2718 2737 2737 1831 1737 7407
27404 37404 37404 37404 36997 36457 36870 32000 27410 27404
13821 13822 14010 14828 14822 22001 24821 24821 23772 13857
1517 1517 1557 1533 2251 2511 2517 2517 2517 6913
13499 13626 14499 14500 22627 24500 24368 20366 13496 13499
3953 8253 3943 3853 3576 3866 3943 3947 3954 3954
10447 20441 19847 11847 9348 9342 9347 9747 10441 10447
30066 30440 39444 41076 41064 40976 41051 41077 40562 38554
914 325 325 328 398 424 898 925 335 888
7990 7947 7989 7994 7941 13782 17985 12137 7985 7985
9638 16198 19619 19218 10699 10720 10720 10720 10720 9738
5093 5621 5262 4630 4621 4693 14132 7260 4622 4621
11679 11679 11679 11680 15575 20887 21668 16275 11677 11676
24242 24242 30669 34570 34443 34170 34243 34250 28553 24253
3710 3702 3702 3713 3710 3110 3313 3702 7313 9120
12136 22037 22025 20137 12026 12033 12036 12083 12147 12083
13220 12626 12626 12632 12702 14296 22636 22636 23202 14224
1536 1531 6721 1626 2281 2525 2535 2535 2535 1950
30342 32342 40115 39421 39421 39421 39414 39321 40251 33017
22004 22978 31108 30935 30935 30935 30935 23101 20925 21904
11597 21660 21660 15395 10661 11598 11665 11660 11627 11560
14134 13695 13696 13695 13643 19604 24586 24586 24594 15052
21575 27575 31575 31535 32466 32528 31773 22537 22537 21774
2709 11725 3446 3446 3448 3456 3456 3456 3509 2669
26499 26499 27122 36484 35860 35498 35491 35493 35499 30485
3942 3942 3943 3943 3932 3843 4089 13380 3952 3669
21 21 21 21 21 72 204 21 132 21
4576 9582 4580 5386 5581 4677 4580 4580 4580 4582
7444 7426 7426 7426 7580 17436 15445 7436 6498 6688
10589 10743 10781 20645 20787 16827 9826 9780 9781 9781
6599 6600 6600 7139 16596 10654 5699 5699 5699 6195
13701059 13749058 19650045 23557513 17405421 13804821 13800981 13756412 13700981 13700981
26436540 26448187 30348187 36189704 35535641 35529162 29944304 26425541 26427834 26436540
35162105 35162105 35162189 39531770 45172216 45503326 45232771 45262192 41227883 35227883
6147115 6147093 6147176 6115216 6047984 6048166 5414246 7295620 12441072 6147176
40441086 42176866 50476866 50540930 50532195 50272195 49537976 45223076 40177949 40441205
55128440 65708240 65708075 65708067 65618197 65608065 65608065 65608092 56018531 55628622
47240629 50850639 57240919 56716928 56307119 56240821 56846226 57229821 50696118 47239636
41541478 41541478 41376429 47423277 51531429 51577341 51640992 51641572 51576530 44376482
7660096 8087616 8360060 7661097 7661053 16116124 10459974 7668605 7671095 7669984
28795 28885 28885 8235 8225 10135 18225 16905 8775 8135
25099803 25187306 27310071 34087236 34087236 34081675 26331517 24989290 25079804 25087326
9532381 10398039 10397658 10397658 10259074 9397556 9393652 9398552 18527662 14260016
30756764 41756757 41749857 41655904 36948957 30948964 30655774 30681715 30766774 30759960
27574789 27581132 27581113 27581036 31074423 37534700 37165172 37672133 33492680 27572126
43387499 43386499 50024158 54053178 54477466 54208494 53484867 53418599 49118599 43387577
11218455 10412994 10118914 14168415 20118905 11375046 11129004 11128044 11128004 11174547
4911423 4911517 7556610 8920811 4011316 4017310 4021423 4667310 5013668 4993668
14240470 14338003 14338003 14808048 14338014 14305621 14235584 21130508 24228004 17798041
54224137 59130777 63300467 63206507 63206113 64129787 64206778 64210778 64217104 56303824
22370059 22360067 22359241 22372631 23072631 23459241 28783929 32371159 32363648 29081058
5039044 5107343 5927666 5927665 5927667 5928434 5919068 14103434 6063927 6018568
1439604 1538824 2438824 2546773 2147073 1546684 1447083 3939165 1447693 1447725
8899420 8899421 8899502 9259322 9899420 9899420 16158622 15834739 8935522 8899420
30647559 39927558 39627590 39546817 39546808 30839380 29646809 29646817 30051796 30647718
46659830 57760312 57769802 57770302 57765324 57759422 55704424 47704424 46759402 46704424
42078241 48489457 52078235 52214445 52067241 52078457 52167241 45833245 42068779 42078339
6401663 6402243 7299664 14503082 6400440 6400460 6400460 6400382 5503082 6298940
2350370 2378554 6352210 2388554 3360453 3388545 3388545 3388384 2389392 2388969
35782374 36783126 36291181 44772778 45786531 45762878 45762831 45762827 38186531 35772127
25517251 26517268 35517349 36592525 36592525 35246998 26540181 26487342 26149287 25492434
10997264 12132034 20997333 14716497 9997373 9997667 9993035 9998263 10127365 10997825
56233643 66140579 66123643 66123119 66268156 66242289 66133552 66133611 61292378 56233643
2856621 2828793 2829626 1889125 1829627 1829027 1819536 4868195 1819604 1819118
1671764 1671873 1680865 1680661 1680661 1652863 1760772 2572863 5403097 2243085
34487962 34487359 34477962 34477960 35079144 44587890 44507360 44487969 44107369 42657617
62512410 72512472 72517400 72522465 72522382 72519718 72444140 71987310 72568792 69368792
51689543 51688623 59910351 62699473 62788594 62788594 62740704 61778584 61779463 58711583
1378168 1438369 1475234 1477429 1485224 1387160 2247422 2385422 1888258 3750394
422978 422968 419648 413848 420848 1674068 340208 312978 312978 326518
25147273 25839490 26111707 26146834 26146764 34918943 36146726 36146960 33388708 25147835
17296162 27296158 28202988 24402464 18149797 18149269 17402993 17149872 17149897 17196168
17244972 20725182 26747289 26749079 17267761 16667761 17627271 17648989 17648753 17648079
6454500 6434500 6427923 5497550 6430973 6437910 6437460 12490879 9454399 6490922
61462989 71403997 72027418 72027418 72027417 72027381 72101891 72118307 72118307 70241451
16070241 16070241 16142996 16951566 17180141 23951517 26959557 22938262 16070617 16070582
17591360 17569130 18415885 26415083 28590360 26737330 18581360 18585984 17744532 17591360
21111200 21182923 21212946 21177075 21121300 21988572 31110299 31110273 30466698 21338698
35372862 35305496 35853693 42921431 45354093 45414095 45413863 45405855 38472854 35405486
66232384 76244429 76247769 76159796 77131374 77147745 77148374 77148754 77148755 75772999
15837879 15833879 23935351 26827945 22401436 16369991 15837707 15837956 15837956 15837956
31410396 42478475 42511391 42519426 38481310 32481234 31511395 31511396 31511396 31471207
3795532 3795480 3795479 4383876 6186635 2686822 2695525 2694632 2877615 3795580
1927282 1926357 1325960 1397606 1436756 1436859 1337333 1336857 2002683 2336860
21543852 21545011 21944017 22036578 21536573 28844006 31544007 31545807 25036613 21536568
16297434 16097434 16011495 19254004 26011495 26014034 16449034 17063605 17117524 17111533
12904802 12904802 12904770 12904960 12905710 12911970 12957504 13217285 21971070 20117327
25289599 25269299 25266887 25266888 25841125 34366897 34368157 34376863 28920124 25377897
89228 89233 90123 90261 434814 108018 179557 133352 89223 89223
2079672 2025172 5531876 2979666 2975174 2969088 2114485 1973027 2069676 2073028
22457343 32761113 33404073 27457473 22464243 22407270 22461013 22504041 22504041 22504041
7135915 7098010 8043926 16208827 7058827 7057738 7057739 7057739 7057738 7177005
30976 30918 30938 38938 127112 21916 74044 20908 20917 27957
4594112 3674048 3669984 3669984 3905739 4669984 4675802 9951620 5694111 4694112
19546501 19865802 19870046 19955402 19903009 29546453 29861056 28302362 19302362 18861055
6927230 6787473 15026133 8692782 6931632 6932221 6923872 6883871 6822724 6917222
17565442 27533621 27479292 19787908 16478521 16472521 16468262 16469182 16469182 17462341
11550207 11475494 10651336 10550117 14325681 20550401 13450683 11550198 11550212 11550207
62214124 72217428 72640516 72639802 72723113 72739802 72740124 72740815 72733516 72418952
6947037 6947055 12090955 11696989 6840659 6940947 6947945 6897979 6891905 6947889
43883564 43854402 43826464 51721987 54826964 54834564 53956228 53837044 53837048 49955415
8105133 8038973 8009756 8784191 9104907 8228747 14794123 13228764 8104954 8104916
29149287 29149487 29076309 32789057 39149442 39149446 39819297 38377836 29377212 29148443
44520473 44324708 48144170 54375700 54375472 54369708 55149941 55365710 55365701 45520473
16149852 27155919 21142957 17142237 16249757 16249757 16249757 16249757 16242961 16149104
7627739 11921687 7702181 8412935 7930933 7637737 7637740 7637787 7637839 7631735
12299895 12299895 12300895 11898341 11398283 11299785 12000784 16000784 22299230 15797676
31239484 31858883 32238398 32258792 32338398 40949883 42179584 41328893 41289590 38089975
24884366 24417631 23885266 23877738 23874324 27035467 34002265 34810204 34884334 26417541
1103508 1103541 1103485 1103449 1103445 1215652 3905896 1698652 1019375 1108685
18270680 18227850 18227890 17270134 19619839 27216885 27316715 20759849 18316895 18316895
1719456 1525515 939399 944218 2431457 944397 858217 845199 845259 845259
7557317 7576649 7584859 15529031 11566089 7584817 7584859 7584859 7576649 7557191
33700246 33700246 33437841 32701021 37826613 43700243 43700334 43638328 43600230 36401010
14285590 14288310 14288600 14289105 14956671 14388317 14388317 19979460 24378315 19325883
15793812 15794045 15794112 15794139 15793156 15770895 19642689 26792922 26347137 16347117
33572845 43569855 44358396 44358396 44358396 44075855 34359485 34280014 34358486 34079944
11638585 12125663 12121532 12041533 12028634 21628503 19440541 11441493 11118593 11125563
13415246 13404286 13408946 18421515 23378965 16441256 13404587 13404296 13404296 13404287
49498416 56660982 59660552 60123392 59497327 59497313 59428883 59398317 53092929 49498417
622207 622207 722783 1537416 612391 612416 612118 612192 1648065 642789
21846474 29647429 32746474 32643772 25643677 21947683 21942688 21847294 21847294 21842727
24346605 32661974 35347298 35276402 32579034 25246615 25246613 24580974 24304288 24346605
11105552 11598596 12102719 12014719 12001769 12094652 20594652 20415597 11415708 11102708
4764248 4472412 11597745 5671463 5383406 5383407 5383415 5383415 5383456 5441489
13576109 16576109 23656097 20042468 13555054 13554994 12948444 13475010 13564989 13558478
38950000 38329174 41470826 47929174 47870826 47950000 48470826 48950000 40329174 38950000
54688767 59888766 64295003 63696322 63888766 64695051 64596414 64596777 64689449 57293685
56516834 66516292 66426293 66407569 66507268 66507597 66507597 67107268 64944913 56506498
17470423 17477049 17477084 17020528 16527667 17160507 26466994 26467853 19918558 17160849
16906950 17829962 17836734 17840798 17841062 17441146 25817888 26741072 22341150 16817798
790775 844610 881175 879764 884109 811543 3021048 1312186 790775 790775
37859238 39529236 46996954 46996940 47028923 47096939 47090138 38490138 38059138 37997940
26063969 25356046 25356050 25975477 33064912 36455155 36455156 36359239 27059232 26364820
20250004 20250004 21604466 30195578 30150048 27495655 20204476 19595578 19604467 20250004
10249216 10904773 19903980 18145864 11346601 11349306 11191134 10349316 10291058 10249216
5510754 5745950 12561353 5421357 5411754 5411396 5411387 4639344 4511386 4798983
2721213 2086673 2151491 2151482 4986854 2822213 2127130 2887599 3052468 3052213
23642239 23709895 23739891 24620271 24744520 24744520 31529692 34253260 33644240 31252240
22621456 23566078 23566078 32106447 32556796 32476107 25961157 22476178 22471208 22521527
32299195 32283076 41152272 43243077 43239145 43246026 42383185 33246067 33246052 32383177
34567860 34565894 34565981 34604015 37304015 44665981 44375899 44215904 44575961 41277794
30793518 30794092 30612366 29784018 29951991 39793017 39793117 39793111 39776681 32776681
1670863 768058 1671963 653299 653299 653299 653258 653200 652863 829866
2337732 2854895 3336932 3289698 3254932 2681662 2327729 2327726 2335018 2337789
9842011 9912989 9912081 9912082 9912089 10831689 10912182 10912182 15841195 20654820
22558477 32562477 32568560 31004333 22496447 22542478 23459477 23459446 22896435 22542377
25534094 36527461 36527461 34935836 26444193 26437560 26437126 26436460 25843763 25499130
45108603 46730635 54194365 54219613 54213522 54208602 54208603 54208603 46775075 45108603
36534719 45134129 47430593 47425631 46551592 46425592 40594216 36534786 36534711 36534719
44204194 44552194 45167467 53452199 55104221 54374828 54154763 54204121 54204121 49466756
23249891 23249854 23249591 23249944 23387641 24211991 29287371 34149943 33749680 31811990
27412223 26968350 26891062 27422132 27422133 34923935 37412389 37412223 37412223 28968386
46451218 46451218 46776666 56429836 56351658 55730896 55377696 55456296 55451845 51155295
2704620 3102753 3651694 8154501 3651853 3704492 2803659 2750981 2750982 2751753
14475505 18475509 24542809 21492543 14542539 14532803 15418130 14543534 14543703 14493173
3524042 3525378 3624710 3062463 2553913 3314642 5953844 2515377 2514921 3313710
7162350 7213676 7262344 7262344 7243582 7172344 10023709 14983503 7162786 7163266
1001970 1101276 438542 438542 438541 438541 438535 419135 329165 329465
21600834 25655275 31600732 31600724 28551506 21655850 22549952 21601825 21600955 21603475
10929618 11079115 20079115 20135185 11829115 11834517 11834085 11834093 11194527 10934094
8525541 8450474 8420552 8415643 8729347 9414640 14742963 15765507 8519415 8525574
17951687 18585735 18580781 18581734 18590737 27950737 28180641 24204735 17589781 17590688
8756403 8756403 8756404 8755742 8755314 8997649 13979841 18373201 9428904 8756403
19344046 20110813 29404046 29444046 25961568 19361574 18861343 18343813 18343801 19113046
27351139 27355258 26767366 26840467 33755730 37339758 37351132 37351137 29766402 27351139
2976790 2566203 2066156 2087430 2087435 2076214 1987501 3766879 4354128 2976424
38878958 39471776 39463097 39383865 48768847 49368848 48783866 48461743 48461748 44791076
36899739 36899738 43123267 47123267 47899767 47899500 47874980 43898115 36999739 36975400
26297592 27259553 27260017 27260016 27260044 27259147 36291225 37169118 37164157 36567731
6113357 6277257 6273822 6268157 6268157 6267821 6267116 6267046 14770241 5177146
2907889 2901817 2811643 1902051 1902807 2199055 4812646 1999106 2002845 2208717
27475113 27375113 26724349 27471473 27473704 34733704 37481409 37533885 37582477 29387749
1839491 1839497 1839591 1967591 2838377 5905471 2778378 1837472 1866562 1887362
5139727 5140666 5140659 5140566 4529454 4059636 6558929 9013990 5139575 5139630
63107433 73107428 73325603 73107012 73106538 73107113 73112106 73152106 73210943 66174449
10155958 17725958 10944337 11255481 11255459 11230743 11166481 10727443 10156480 10156480
62847619 72847999 72847999 72821759 72747099 72747099 72766719 72840959 72846689 71914359
23277920 23277920 23278575 23277922 23276677 24269021 29276676 34207967 33907914 31922224
55740817 65740646 65774058 65839807 65831636 65830051 65835059 65782688 63516918 55782646
23369639 24188983 24193717 24193641 32679803 33094619 33094620 27495012 23179983 23194719
28551057 28551071 28551157 28551109 28958784 34454916 38551961 38552147 38552151 33955783
26450254 25827009 33658049 36817259 36816609 36834999 27463934 26816604 26824999 26826604
7444526 7445419 7414410 12764525 13033517 7633517 7444411 7435420 7444523 7444508
58188989 67989083 67901417 67902323 67902418 67902418 67919285 68901973 68905879 59105885
60129699 69930422 69123034 69123033 69122938 69181491 69682214 70232409 70139432 61939427
8336491 7731381 7736291 7815736 7840741 7841341 8419246 17741381 8343936 8416736
35785570 35685570 35679361 41821805 46690059 45796460 45689460 45689056 40795570 35756361
58703572 68728573 68803624 68803313 69627573 69803582 69803623 69792172 68274600 58703523
7395050 7408647 8009649 7403023 7403023 7402640 15308566 9917539 7301931 7302940
16191156 16911156 16905597 16826047 25191060 25903801 19826048 15991112 16003900 15926147
10891216 10891174 10913481 11846216 11791166 11785247 11780172 18805186 21146306 11168620
17239393 17427347 18165037 18167303 18174293 18173933 26436246 27305358 24339382 17265036
8368684 8968249 9379119 17726209 12226279 8476680 8469120 8426180 8368120 8368120
6557895 6523316 6523842 6521328 5748894 6514405 11711941 10550462 6610949 6613416
41423283 41706540 41705812 51221091 51721378 51806802 51806802 51806821 51812090 41917533
17447996 17422361 17423273 27399185 26523260 20523260 16433361 16433361 16433262 16423169
35366128 35171492 35172126 35430082 45180126 45182486 45182495 45239451 45281495 35633767
33135123 33744813 43086113 43044223 43134483 43126173 38627863 32124393 32124393 32743863
19561564 19567840 19657567 20451663 29657940 29657921 26509625 18657944 18657942 19377626
1697741 1697677 1678751 1596847 2118385 5489549 2696840 1978776 1689549 1697549
4669700 4055394 3733003 3758697 3679699 4442696 9442302 6065394 4675394 4669697
35835099 35907093 35907299 36836093 43314505 45807382 45807381 45816092 45816588 40295804
39808315 43483442 49559362 48893433 48914358 48909230 49583432 42600162 39808342 39808340
6177817 6177819 6177211 6101595 6066719 5399111 8487115 11409309 6167015 6177009
17178948 17850949 17850783 17822811 27079011 27122782 22151404 16851410 16850319 16850319
14624935 14634322 14635940 14636031 14635543 14634943 18012321 25503947 22562638 14624940
12156253 12355690 12377243 12287786 12287786 22166266 19578913 11578912 11287895 11278912
3860042 2861037 2813680 2894637 2894576 2894576 7328298 4949928 3892571 3893575
42879308 49087241 52793375 53087167 53793463 52884596 52794164 47979297 42894463 42885598
31710741 38704695 41808899 42622316 42705938 42028338 32706745 32706864 32706864 32029328
3700696 3627380 3634010 3634016 2710706 3017390 6794209 2730707 2724017 3107381
25699898 29273035 35325718 34699839 34772927 27426129 25298754 25699798 25699836 25699898
51503761 61534850 61137028 60574898 60575984 60547017 60475984 60467017 53037018 50465995
5165608 5165616 5804148 11404078 5165516 5168078 4470078 4175598 4175607 4814169
34773995 34777616 34783994 40427506 44760314 44683985 44683935 44680315 38150324 34757616
9086579 9096067 9096037 14686082 17776269 10196038 10196039 10196039 9196168 9196146
11778369 21781856 17438116 11882369 11882866 11402187 10772946 10772893 10772849 11569116
21745540 21745607 21743478 21736513 21745641 21806508 24306508 32306346 32600254 30573245
19296382 18676382 18806729 19670729 26807729 29671388 29592538 20196391 19616684 19680592
16926056 16926056 16920618 16916156 17232128 17840632 23147482 27916046 27446315 17450599
5832278 5808962 4896708 4808972 5745178 5810062 11751201 7907499 5816707 5808961
15137323 20102279 25182553 22213052 15172514 16091559 16171514 15206774 15181280 15181504
11972498 20077259 22879042 12926661 12876661 12869042 12868962 12868562 12867947 12967150
10193158 10222387 11122711 11294115 19122821 18798601 11183158 10746933 10193158 10193158
9675499 18875809 9575598 9574157 9741759 10584048 10584053 10584058 10642893 9885499
31764527 31764779 31764727 32344270 32844527 39444529 42870183 42829989 42763794 42296179
62361402 72361741 72361741 72361803 72361401 72291452 72361741 71870952 71801402 69870392
14150924 15743564 24151973 22866408 14240065 14250933 14250934 14165326 14454075 14150926
14747342 24747385 19042160 15537317 14752285 14848287 14848451 14838322 14748292 14743060
1097371 3032371 1145143 1140142 1137371 2096372 2079142 1144410 1145253 1080249
10705727 10701297 9821306 9601282 9601282 9601702 9602382 11991202 20696792 12912404
36758645 36701282 37546424 45551763 47758654 46892517 46758732 46758745 41892569 36758645
6116508 6085413 6019509 6026560 5195413 5299509 10298361 10259309 6117366 6116460
55291660 60550465 65281593 64800366 64555443 65205466 65191661 65256238 65291660 58805888
16876015 16936881 25812856 27926888 24853792 17926981 17863232 16935981 16935923 16862723
36266733 36266796 41512726 46266786 46513660 47273646 47173739 43219156 36373219 36273219
49858233 49856033 53868410 59754958 59754958 59866059 60754957 59957127 59767256 57068225
25540780 25540785 25540780 25540780 25651065 35306021 34535321 34495386 30205971 24650351
22893729 22275119 31853834 31792639 31792639 23053834 21783834 21783634 21813634 22014624
52102166 62101704 61482168 61082175 61001748 61002613 61002605 61007677 53408601 52027750
54369888 65412305 65415766 65422305 65422314 65419941 65412775 64470480 55412307 54469888
32675997 42673742 42665997 42688223 42283738 36201477 31665987 31668161 32298223 32675997
33800100 43800074 43800070 43800400 43800374 41155452 33800073 33155189 32800163 33445483
14585477 15207389 14498299 23584571 24499198 16210502 14499199 14410503 14399283 14485483
41189268 41189261 41189261 41213667 51189169 51129581 51080362 51084767 50640268 48688900
57225400 67325316 68230583 68187697 67230582 67228504 67221582 67220696 61177696 57272512
10795375 10795370 10795285 11298041 18300741 21779791 11894378 11895059 11875790 11673266
1607084 1607084 1607084 1607064 1602434 1628034 5123034 2507654 2033590 1612458
29821513 29821507 29819418 29811522 33212221 39812221 40240135 40811517 40438525 30439677
179703 81522 107238 180975 69706 69712 77467 79706 79703 266484
13473591 13073589 13014735 13469588 21058832 23574743 15087501 13479695 13479695 13479647
15524249 15487463 15487463 20015791 25509047 24145893 16578900 16586558 15623797 15587463
18495941 18569810 17594950 21459814 27560817 27560817 20486878 18559873 18559806 18559806
4033716 4029036 4023743 4167464 8854348 3026764 3033450 3033716 3077453 3192774
23742918 33470352 32740352 32732952 24466655 22743907 22743917 22670785 22854197 23742917
28375581 28375581 29543805 38382005 38286681 38286681 37684481 28286481 28520808 28781192
5844872 5807684 4844679 4967371 5843871 5843963 5837286 5838470 11991894 7870502
51723674 61795074 62725074 62721126 62633626 62633566 62021115 58020567 51630515 51695064
1635079 1631842 1637759 1641063 1641660 1717660 2545053 2541743 2145060 1617670
61660831 71661103 71338420 70661103 70710831 71670831 71648396 71567699 71560112 64287129
36224095 45298532 47218698 46724261 46258615 46223787 39733071 36227588 36227595 36227598
62515208 72555597 72465804 72465900 71655697 72425308 72475901 72475897 72475597 66655395
19530462 19533231 19514192 18639450 18639469 24206817 29640139 29640462 22522754 19531608
396397 422587 496357 1287857 497347 496387 491387 1283887 496457 461497
8113725 7651788 7651362 7694228 7712796 7654135 8295589 17652126 8113725 8295126
5226059 5226522 4822106 8705597 6832143 4770848 5235529 5235532 5235526 5231106
3433748 4336925 9806485 4308225 4237672 4237632 3608122 3228186 3227663 3325926
534194 534175 535066 955107 890304 452065 1385086 532066 534263 534266
8249117 9019259 9316321 8602928 8249108 8249116 17019179 11575027 8248169 8248280
53011471 53165822 62994439 63062422 63062422 62274723 62062438 62062522 62071844 57284833
3100381 2337381 2037379 2001574 4164546 3237574 2001343 2164578 3064646 3100446
1651559 2242342 2572348 2652442 1761159 1680637 1680628 1680627 4423961 1671633
35547915 35878418 44440510 45546915 45546914 45509497 45470456 38109451 35546905 35547411
35524516 35533300 35508547 36022965 42384390 45534432 45534506 45527644 45524516 39797648
4854812 4854720 4854720 6585262 9662007 3954820 3955335 3955821 4568430 4854913
37502802 43133033 47502802 47533033 48233032 48578369 47077817 38507610 38077589 37502033
40402458 40396958 39496958 44312728 49312238 50301368 50301358 50301428 50301728 42511018
43537526 44206401 43889788 52536900 53205301 53205302 53220939 53215306 53208845 45889788
46350805 46350857 47003803 55056744 57453623 57450856 57400685 57351805 57351784 56651238
50526516 60626511 61526506 61631299 61390721 60631598 60622283 55340915 50522316 50521709
34826578 34763966 34764376 34843818 40277178 44873076 44865587 44862975 44862976 38926334
22164240 22164932 22173932 22175332 22175339 22453035 27403035 32803035 32165340 29823348
22517501 23212963 23528236 32261235 32628500 32625773 26575774 22617776 22617500 22574774
21608 21364 21431 76320 81090 32242 32475 87242 32547 32465
13168686 13165184 12265222 18768546 23068836 15274994 13127994 13177836 13177835 13174131
34873399 34869199 34869169 34869165 36011512 44871388 44782513 44779193 44569847 43483399
41776553 41809405 41809554 43784701 51820305 51817712 51767713 51367111 51676512 49366810
41412015 50880460 50973616 51413617 51452101 51422004 42888894 41412004 41412050 41412006
41940018 41939950 41939953 42967415 51941043 51931081 51931043 51937731 51767806 50717768
30241034 29303977 29210934 30148765 39211740 39211740 39218765 39221736 30313909 30150960
33468027 32468131 32405132 39104628 43404662 43414618 43456990 43504662 34567032 33504662
18330315 18321775 18322086 18231315 18222765 17538556 17379987 27232765 27279617 22787627
18318363 18723243 18723803 18720910 18811873 28411913 28387318 24349909 17713242 17713242
26272744 26284744 26362412 26274407 27081699 36262366 35574435 35262476 31583844 26091809
48840086 48880092 58840378 58834960 58829960 58829360 58773667 58739279 58373851 48453471
6647298 6527273 6260477 6660477 6747027 6747086 6747587 14361582 8602102 6648123
19820602 29828145 29831145 26396074 19831090 19882620 19389557 18820605 19308145 19820602
31022719 31622719 32029697 40622719 42078665 42025583 41474657 37475637 31019697 31019667
18568151 18768144 18801144 18742358 18702123 28569144 28038244 24037630 17701032 17701054
29797140 39797141 39797141 39797140 37791044 30790205 30793281 30356542 29797603 29797140
36228103 41501639 46231639 46238102 46511675 47238203 43832724 36308742 36238213 36235192
31709802 31839500 31839500 31839342 41504638 40830499 40835650 40780342 35480336 30740343
4383657 3583820 3284657 3276805 3284975 3644969 4344964 4386657 8743983 5593657
61079159 71079160 71078756 71070794 71068259 71001493 70501697 69983918 70073918 66826455
30443537 30444185 30763534 31444186 38763137 41443193 41221703 40497799 37207147 30443195
959242 1006835 1006835 1006580 1008236 1015832 3541971 1570020 906825 906832
6774103 6675975 6196623 6663003 6663003 6685241 6763011 6765527 14196351 8885395
7778819 7789556 7708149 7696749 11677720 14908049 8677727 7908049 7696719 7697719
8855497 8856248 14593970 16348917 9575250 9856497 9855712 9251712 8864253 8861712
16718294 16632735 16608222 23215718 27608284 25725505 17612718 17708505 16825512 16712011
9933202 9937660 16227661 18827225 10943210 10943256 10844206 10928660 10543766 9943330
33499256 33485223 32585281 37611186 42611186 43399274 43398356 43410195 35682888 33499283
20032064 20068900 21959410 30123074 30123073 26742737 19669531 19032963 19870208 20032728
13938298 13938299 19079297 23928300 18526359 13932237 13939235 13865422 13882237 13938300
1395674 1478279 1478377 1469388 3746785 2286369 2369180 1799388 1376457 1379279
16424876 16432779 16432779 16432566 16923878 22979764 27425566 25985651 16986462 16422767
30165858 30192300 30263658 31091686 31262608 38091435 41165848 40271443 40272617 37079099
20104859 24317654 30009878 30012637 23280432 19280878 20005860 20080628 20104757 20104777
18623283 18663799 18625593 18625340 19514382 27755335 27615601 22755269 17615501 18514017
48365841 53906835 58365922 57763334 57847748 58366835 58375921 58375828 51774237 48374451
21589363 21589429 21587423 21580337 22627340 31587340 31590464 31518385 21636330 22492213
7201661 7278593 7307570 7302632 10179630 14760647 7202761 7608570 7202704 7201704
7244778 7224778 7216002 7216002 7216002 7237246 8737253 16336043 7747262 7344778
13815467 13835467 13839440 13528130 13826467 19826467 23829058 17429000 13738665 13729367
36168209 42268277 46172441 46263601 47163211 46998025 41997683 36162341 36097683 36158209
16664063 17397836 25664139 25663946 17346166 15673159 15646166 15566165 15623938 16624718
60567395 70567395 70567545 70152736 69578285 69555516 69545504 69941985 70567394 64144626
3579597 2936763 2936644 2935763 2928646 3148725 3868654 3852629 8159698 4579545
21453560 21453605 23465505 31453660 31453660 30150626 21450581 21364506 22052311 21372426
10638893 10811318 10864528 10911283 10913793 9994582 19673632 14989947 9911307 9911317
13533995 23508451 14762509 13444002 13468441 13459994 13460203 13460203 13460202 13459441
42504690 42437198 42527763 45327771 52537271 52537299 52537218 53323790 52603219 50603709
13726825 13726755 13726774 13159639 19659599 23616845 17046880 13617563 13620571 13640573
15407271 15306379 15305017 21529845 26305016 22406178 15406261 15305521 15320939 15416117
22020078 22120077 22128555 25019799 32127567 32121376 31071376 23009100 23071809 22072287
49458079 49420986 51915950 59358079 59423037 59468158 59461092 60015658 59621092 57621005
30759839 30759260 30654158 39713079 39763079 39769340 39769979 32031420 29760259 30413979
36765618 41504111 46746432 46774627 46774980 47551042 45931852 37765617 36928735 36765618
36913849 36914792 36963749 41763748 47001953 47672669 47924808 47923960 45895246 36913818
22389718 23242096 23175392 22234952 22232186 31387430 32242186 32242187 25222592 22274933
2742028 2742190 2054959 1653589 1699481 1742035 2300719 4063487 1742026 2300718
9521047 19020959 9573921 9620915 9623915 10283955 10530911 10531905 10531905 10031961
29229594 33329594 39237141 39237141 39236901 37303411 30236241 30206165 29227141 29294351
1342625 1257684 1257686 1291666 2257663 2256694 1346606 1267684 1262654 1291625
52713634 62168141 61725141 61724144 61660138 61614395 61615155 62609444 54058251 52615248
45310843 45840855 55308103 54508095 54240906 54311067 54311076 54319944 47617104 44846943
61393882 71394432 71394883 71433432 71240688 70484992 70493542 71081296 71393960 66141760
55661799 57790995 65561755 65561943 65571755 65571749 65570799 64890987 65622020 62830142
27203861 33493861 36511213 36403814 37100886 29411210 27100896 27194178 27201896 27201897
10749903 10234374 12764962 19749903 11218355 9649813 9664872 10649804 10649333 10664921
27546931 37586172 37646256 37646255 34047935 27537089 26997005 27386162 27546195 27546156
22131567 22131571 27438445 32132461 32438050 29619844 22577951 22122578 22122166 22128351
8385879 8324723 10533714 18316025 8345947 8315503 8315503 8531721 9415512 9423721
3846414 4546662 2846118 2796318 2746068 2736404 3126256 3846064 3846064 3846256
36607970 36547932 42999980 46997936 47507995 47589977 46745940 42745896 36607970 36607940
10339832 12240928 19449765 11449765 9380698 9380708 9380272 9371787 10255197 10370864
11392731 11392781 11331631 11291631 11626686 20525496 15576351 10393836 10393546 10736591
15201586 15208028 21031585 25202695 22208147 16202657 15378711 15207037 15201585 15201585
993374 1427827 654877 654466 654377 654375 702274 1840558 654376 654376
17305260 18156559 18405261 18405310 18406010 18406364 27020619 27400564 24103225 17305260
10020245 10026704 10026704 10026703 10661814 11016804 16610879 20466817 11017814 10465820
44694023 54146392 53693391 53692986 53645291 53585291 53614885 45145292 44023923 44693923
5325011 8089030 5088965 4330690 4330686 4917568 5421685 5379936 5321026 5320795
39310005 45076943 48947671 49039005 49846661 49846661 49839692 40209054 39876042 39946762
23135155 22179849 22158395 22158483 22158496 23008557 32169266 32165226 32158386 24079843
41891017 41959102 48874237 51882617 51959137 51960003 51960008 51960013 44972963 41969103
58925369 65143351 68915396 69139359 69914396 69914396 69829359 69843360 69539369 67539349
28410137 28410654 28411137 28378306 29589673 38319879 38311178 38379645 38037955 28768788
22605665 32515659 33697371 33579372 26579372 22696573 22696575 22696575 22672093 22595569
49491278 59491240 59491177 59491178 59486340 59480340 59427549 58167781 50068654 49491278
607698 607698 607698 610713 617698 1895633 1362680 626672 607693 607681
22232044 22310014 28132044 32238444 33132144 29416490 22417115 22237455 22228520 22228490
12238163 12235162 12228101 12145163 11231566 11238169 14545574 22238263 16208720 12255263
32078020 32076296 31586286 31097930 33797910 41086190 41068877 41706285 42077877 34595241
3712901 3713156 4510411 4813901 4798422 4721165 10955915 4722915 4202417 3712901
41798792 41358025 41698783 50130629 51697783 51730390 51793705 51798390 51798782 42962105
1544268 1567606 1574268 2554994 2578716 2116505 4023167 1468715 1468606 1467611
9168038 9167796 9158038 9258464 10077797 10058063 10058129 9477851 15158890 16578406
8045982 8077348 8077687 8086316 8087694 9056354 8888011 13056354 14788325 7987697
7840585 8704115 7796104 7678098 7680572 7688172 7688199 16741147 9806223 7740673
22206785 22358085 23206794 23071443 22207733 30367075 32210382 32205775 26086664 22206784
42688435 52598936 52942953 52669609 52666937 52667036 52667009 44899601 42667426 42677426
6817534 6883605 6878196 6873609 6873206 6697197 6811408 10817480 12632698 6783507
49613101 51258277 59613107 59646558 59613178 59619178 59624002 59624001 59655264 50001438
3257914 3291967 3283144 4252894 4212005 4194016 4194142 4194142 3612801 3193043
9065419 9158385 9174465 9175259 10062255 10166655 10116664 9716664 14952258 16716664
23775762 23775762 23411384 23075184 32765866 32765408 32704847 25401331 22765762 23073270
56330518 59607358 66240574 66239842 66239518 66239518 66521284 66514598 66340284 63527146
12596996 22652932 17633996 12694009 12631009 11697919 11697919 12553006 12696912 12634009
8305242 16052232 8305476 8313476 8313232 8840710 9406237 9099267 8305353 8305333
10241359 9784109 9784129 9784059 9741359 9784229 14776909 20674229 11134229 10776909
2787510 3789576 3888610 3889108 3862034 2888655 2888655 2882033 2878645 2852023
29753300 29903300 38903246 40753600 40512919 39762536 34512912 29712916 29703300 29752923
11734598 21441903 12438918 10724893 10773248 11381908 11834598 11747923 11734598 11734598
26154064 26154062 26219484 36159484 36159286 36154084 32843964 25154164 25099074 25184918
24163135 34156853 34156910 33482989 25256958 25256872 25256372 25162372 24862373 24165620
41270072 51208594 51269786 51309785 51318586 51318583 49370069 41308526 40369511 41070776
13402048 13402638 13402958 14961728 23416628 20851159 13403059 12851159 12960844 13402059
1292540 1292458 1288546 1738266 2288973 2075347 3574428 1318640 1292550 1292556
57860457 67860757 67861460 67919758 68598055 68871460 68871459 68331557 65331559 57861556
233001 689642 233031 233032 239284 322022 778583 321922 324880 277563
46266336 56244056 55344046 55169770 55176326 55176374 55340325 48352517 46229781 46266337
56662478 64199478 67199485 67258027 66700018 66756980 66669379 66672402 66672402 60261479
20273283 20268409 20264100 21383195 30263312 30262999 27791625 19777313 19310632 20273100
19704202 19704027 19713857 19704537 19334447 18704037 21993972 29604037 29683802 24334442
22134146 22794147 23063314 22255714 22124023 30853304 32124022 32133386 25264905 22134023
27226001 27221019 27216000 27131018 26431018 30765967 37140983 37220984 37226000 31541018
28982425 28895407 28895407 29396469 36397539 39082423 38995416 38994422 34078489 28986539
10888872 16255205 20585223 10872671 11264223 11590340 11591222 11591340 11591256 11591240
2056946 2056126 2590928 3055856 3091009 6654313 2161933 2166857 2158047 2138113
15953878 16375517 25375523 26953924 21730016 15975618 16053942 16055617 16049728 15953941
24864183 27601620 33864650 33872658 33845164 25245231 24042731 24832751 24865284 24865224
44216043 44188995 48583568 54123336 54126052 54660609 55226043 55219076 54389093 44389041
8531056 18057346 8531051 8057051 8030055 7960463 7967356 8005020 8301310 9057310
38830204 45829754 48877092 49819267 49797202 49779255 49207754 39786541 39786542 39208093
45212617 55153805 55153845 55404645 56154645 56162711 55212720 46204654 46253626 45312360
13861050 23070224 23953311 14743951 13953452 13953440 13953440 13943852 13879012 13953852
39037023 38116971 42433974 48112971 48112924 48432975 49132975 49212975 40135972 39136080
23345781 23345736 23345736 23329781 27755115 33850838 34345725 33729771 24339787 23724994
30926540 30711429 29935540 29935539 31419045 40019142 40036135 40018233 40411736 32708229
7999076 8019077 8025458 8025477 11008836 16673875 7969785 8899067 8570116 7915457
28025966 28017293 28353170 38017397 38018184 38018397 37768631 28036977 28027967 28071754
13182540 13174956 12684457 18257217 23171554 15599156 13081540 13082328 13082540 13125328
29156906 29153191 29060596 29152996 33855976 39855977 40152977 39356922 36356902 29156877
30471288 30413484 29478549 29424483 29801615 39422285 39491617 39514295 39513428 31948428
32339205 42337805 42884662 43329206 43109184 33440273 33440216 33358816 33339816 33057816
43814316 53808556 54009816 53304056 53308556 53404416 53404146 46015626 43304046 43308546
14945793 14859423 14868483 14869328 16341098 24937497 24958667 15002227 15437422 15958662
49278855 58525769 59094302 59093352 59093304 59117880 59184869 59146444 49846912 49094401
26441946 26365378 26365378 26366693 26375378 26636662 36374860 35508820 35464688 32803261
12622601 12622539 12616601 12523678 11825662 14892678 21953815 16925601 12631716 12626701
39322945 40092945 49392955 49432955 49322340 48433554 48433569 43322429 38421124 39091944
26553329 26486336 26832259 36455437 36452241 36452841 33660948 25686429 25553330 25927850
36287758 47287758 47251429 46287430 46287458 39251529 36281501 36283350 36377747 36347022
17054185 17374101 17364442 27043842 26664534 20664492 16384058 16384058 16374501 16374059
3446825 3446745 3509495 2796325 3214525 5773935 2446935 2446855 2446845 3213515
26739478 26739496 28778478 36737461 36730496 36567460 31575411 25777476 26676450 26677442
15732545 20387793 25653845 23860398 15721552 16442835 16721544 16722926 15865882 15732592
32452971 33878366 42432970 42352367 41633971 41379365 35733971 31459414 31880269 32453120
3714262 4264262 4714818 4714816 4764252 4824300 4811133 4410457 9956538 3713818
32570378 42570363 42572645 42580360 42580360 37938397 31559379 31552034 31571460 31842763
42768531 42768139 48451827 52855827 53555936 53549536 52849535 52769535 48439535 42769135
24239559 23381547 23138559 25638957 33138929 33238529 33238560 24901687 24228560 24229497
3054924 3519686 4054986 4059762 4063307 4120457 3752681 3055927 3055298 3054924
6255553 9254714 12240547 6318461 6319195 6240376 5319195 6251799 6329286 6250466
67325992 78333996 78337002 78425002 78437018 78415618 78336919 77914119 77326519 74904519
49731303 57358800 60356301 60376801 59822300 59822400 59749401 59728901 53358401 49731400
36514832 46558859 46558858 46558858 46565840 45103442 37422433 37458850 37025550 36458751
8324436 10014168 18191385 8316622 8180395 8186133 8191394 8191390 9036253 9191384
21088987 31082563 31079559 27991559 21087976 21088644 21260924 21148086 21188755 21101583
11194399 11252483 11253457 11190358 11151493 10485442 20122454 15485437 10151483 10152410
38920528 39110568 48926468 49044021 49044861 48255788 48045028 43255754 38044920 38044920
42484813 52311359 52311356 52311354 52352424 52412425 52421087 42507013 42417051 42952389
32564860 35829152 42235551 41568459 41573959 41574559 34482935 32531151 32564859 32564851
21567132 21567132 21574305 21578138 23755221 31578138 31574247 30477328 22310725 21567122
11056620 11551514 11551514 11551507 11456551 11552504 20457544 16952537 10552504 10557525
32196560 39414163 42414788 43197527 43196699 42970699 33196561 33182503 33194225 32970699
10677799 19753374 10716378 9576379 9568800 9568796 9777217 10576795 10667797 10676216
15358932 25753927 20305037 16301152 15359922 15359636 15446436 15458921 15458921 15394536
23449910 22450247 22383122 22383123 22383123 23663460 32382955 32459346 32752467 24549247
22691065 22686765 22695195 22695196 22695275 22695176 25963334 33594296 33676424 32906946
4281378 4451558 4530124 4520306 10371368 4520310 3550135 3521605 3530578 3531134
4312906 4389149 4039559 3389146 3389059 6302796 5980254 4206829 4290155 4290155
9825405 9825406 9760994 15123472 19353473 10717530 10814416 10814885 10815413 10053462
36676937 46677937 46630875 46179819 46130906 46169502 38620965 36169918 36169918 36169919
4541084 4828498 4840474 4919863 4917490 11362473 4649880 3850474 3821084 3828488
5083303 5083358 5083358 6395295 10470846 4419019 3984303 4072358 4387126 5083258
41062352 51099158 51162442 51163248 51162770 50856756 45857976 40909148 41072342 41066762
64369132 74364937 75128731 75464840 75068430 74463839 74370032 74373839 74374737 68979129
24764936 30364933 34587493 34590569 35388039 25768542 25590676 25588483 25579677 25579580
1049985 2735214 949966 949954 964659 1049942 1049995 1564660 2049934 1235267
6163685 6163623 6162684 6162624 5646756 5102756 10112686 10564684 6072623 6104871
6869841 6826678 6918268 6926678 6769149 6917569 6916778 6916769 12708858 10968460
51951651 61948430 62814949 62814145 62813922 62220368 61717816 61725022 57261643 51825022
5570413 4727567 4728076 5726076 5726389 12716175 6566476 5718477 5665394 5617573
13221249 13230219 13189777 13130219 13130219 13129733 13211139 13870707 22611178 20480264
22141952 31750624 31817962 31817962 22147933 21716963 21717005 21725409 21727073 22555389
21934971 21309579 21309579 21335124 21410166 21410675 31036225 31416224 31420626 22419967
24539907 33822174 35470794 35471984 32760794 25530107 25538917 24770790 24539163 24539906
3582171 3573942 3573881 3482071 2575322 2635403 3135422 6592171 2683652 3043653
50871620 55639283 60939946 60968277 60882719 61650382 61882719 61882654 59655522 50871654
27373644 34328863 37098174 37375914 37383631 28580032 27383032 27382881 27383644 27380121
14726075 14622019 14627602 14627585 14627585 14627612 15603557 24618692 24618694 15664139
49532452 59538256 59538257 59538257 59514822 59832617 60009479 56011276 49528244 49528246
21275253 21275305 21209915 21169915 21164915 21164305 23267163 31268093 31402764 29502764
1179773 1173008 1172943 1172948 1173018 1332183 2183048 3946103 1138773 1182043
17720580 26720579 26634033 17730035 16637758 16637821 17090784 17737859 17737780 17730580
30060584 30060556 30060554 37386264 41159546 41161776 41052574 37052844 30146711 30060655
32724500 35644490 42644564 41768828 41648790 41649018 34769828 32624790 32648929 32648919
10970105 10107426 9963839 9980202 9980202 13763920 20761244 12137005 10970113 10970112
4895046 5639806 10780796 4993956 4985716 4831790 3995056 3995056 3936338 4640520
55230329 61630241 64502985 64529241 65138741 65138821 65229341 65238821 65230916 57511428
774109 766153 766243 767025 766257 766257 1146618 1876257 2220997 876228
3022276 3633139 5639769 2030129 2112266 2112266 2112199 2112210 2033140 2639510
3056560 3056560 3056510 3055560 3187923 4055561 4057973 4066017 9207273 4122511
66060798 76064362 76055299 76055299 76551172 77151772 77075460 77056400 77056400 76293586
5445402 5461082 6360423 12216747 5545081 5545401 5190065 4437733 4441081 5261081
29886769 29890796 29890155 29985781 30668113 36586858 40891186 40372787 39882790 37362797
4315693 4315685 3551341 3225685 3225685 3225685 6566591 6481591 4287934 4315694
13788463 17803345 23788563 19345550 13788563 13315207 13679560 13678572 13683410 13703391
14750205 24664973 23750145 14664869 14665960 14674100 14673863 14724959 15669195 14801291
34634388 39607982 44743643 44743643 44343979 44629159 39245379 34644543 34644542 34644550
43572023 53580821 53663479 53662105 54470758 54662026 51504930 43662022 43662023 43592149
9707454 9717160 9141292 8707160 8634226 8607160 9087613 18706253 11133325 9096717
1920020 1993381 2023381 6130214 2930020 2930020 2306916 1926793 1920019 1920020
27790819 27693721 27679819 27684269 28154271 37754787 37790853 37790819 36902453 27366909
51116413 61117113 61564199 60769461 60546703 60616003 60646703 60646803 53870032 50646802
43174169 44094336 52879041 53094422 53094127 53093421 53088127 52993327 45688031 43077951
13046301 13141014 16045310 23140119 18712205 12684908 12041118 12938204 13031204 13036305
39483734 40483402 49483402 50523334 50508724 50428784 50428784 48909116 39899448 39418792
61736019 70947300 71453157 71947400 71953958 72048400 72048400 72037040 71946740 62731799
32853043 42850676 42850676 42944201 42950692 38568449 31951292 31951772 31860400 32544202
35040779 35035553 35030779 35093014 35716444 45039779 45039779 45039747 45039810 44531444
11761667 13122740 21761670 16730542 11739469 10771676 10830542 10861463 11221723 11829436
22959402 22965228 22955229 22955236 23643575 24055406 29650406 33696241 32956306 30676339
56038164 63438165 66135922 66045993 66045991 66045983 66135912 66045860 66045963 58741479
65033867 75033848 75029927 75557726 76057727 76123958 76053516 75133958 75133958 71985978
19939534 19927820 19927864 19931664 23207521 29201522 29937665 24007521 20037877 20037820
3670035 3576240 2673070 4769078 4672060 2558924 2558924 2778951 3658941 3668961
30891721 30891464 31370201 31791730 31820834 39419090 41889159 41133505 40891721 38133463
42048635 42047865 42047875 42659035 52139305 52048975 52048975 52048935 52048865 51632335
30787715 30679400 30887705 39792583 39792704 39793583 39793396 31679397 29871274 30777715
51643088 58378457 61678457 62478457 62741543 62734066 62739566 62440282 59391276 51643104
8863869 8863863 9502113 9902513 9963669 9363670 16510213 14373580 8874579 8872579
4401984 3401984 7941982 4406272 3436879 4041217 4431926 4427639 4427639 4431982
20684442 28307576 30599082 30599050 21684420 20598453 20609650 20698083 20695577 20699083
33678241 33178241 32675240 32935655 39945166 43587148 43584859 43645266 43684851 35187645
21149382 21447304 29889872 31249382 31249382 22804742 21149370 21146933 21148382 21148627
35428061 45427761 45443276 46048261 45418191 39049062 35349062 35318762 35324282 35344287
11575691 11575695 11575695 11674648 21565453 17234403 10565686 10565642 10504634 10674077
60904345 70904396 70845691 70810835 70804346 70041600 69804749 69804354 70054056 66140745
19525329 29453322 29453148 25525318 19453705 19491191 18632783 18555328 18991158 19553716
20008171 20090171 20091059 20091059 20049737 20907849 29981037 29439635 26447431 19908171
52214752 61416557 61416477 61416572 61416577 61420273 61670968 62469453 53224928 52424748
31827759 31830179 31424629 32920179 40837759 40824649 40737729 40819689 34321569 31810179
58793886 64993886 68796886 68990782 69697881 69697777 69696880 69696880 69189778 67188580
56231028 66241041 66331128 66341307 66341304 66818850 66329037 66240971 61925674 56230215
24264883 23967480 23965385 23915984 28615889 34623488 34978481 34977882 25274882 24974886
21097572 21096860 21096860 21096860 22528948 31128948 31189660 29918284 21290560 21097848
6137993 11240788 9505188 5472389 5140793 6037998 6035194 6027988 6030793 6130788
21240986 21150636 21150603 21150603 21150603 24362447 31362455 31252646 28343489 21251796
58660036 68548020 67702338 67702437 67707119 67702420 67701438 67701438 67647412 60406091
1468789 1468787 2129353 5075897 2464168 1578199 1577797 1577797 1558601 1468364
6439442 10769084 6484170 6459094 5759164 6180598 6440384 6440342 6440342 6440062
33116261 32516206 37545929 42113329 42447969 43046018 43116018 34525964 33124409 33124361
27553957 37553957 37553956 37269837 30966941 27653877 27597279 27553956 27553956 27553957
11631263 11631263 11639555 12386643 21629052 16315746 10622050 10621274 10621271 11336555
57042216 67041746 67032216 67033235 67222765 67942137 67361637 67003142 63461675 57042675
25949846 26804604 26804604 35949842 36804842 36810841 35679026 26804651 26683466 25804614
3202863 4027347 4031981 4036243 9104486 3929556 3037342 3037342 3105066 3029566
3300939 8809429 4298827 4200939 4201240 4201939 4201940 3499815 3206325 3304119
31997589 32196687 32227503 32200785 32129699 41378687 41129698 41120784 41119695 36490777
29148014 30786831 39088300 39125287 39125260 39125331 29187341 29114359 29886301 30115360
2133399 1813121 1835277 1823021 1812750 1812810 4535310 2848498 2823843 2823843
39257091 39816249 39824447 39826391 49203905 49826265 49897100 48979458 48916269 45979449
1045066 966906 966901 1036579 1076901 1742579 2077905 1154232 1067066 2809905
35974529 35424546 35320839 35320839 44924202 45430808 45430738 45430730 45430881 36533408
29327628 38348828 38543442 38543032 38543002 29605332 28535332 28534196 28543289 28544103
11965732 11943620 12595535 21991918 18064727 12042621 11065430 11042718 11042630 11701917
13533253 13535581 13536255 13536662 13536681 13536681 14029764 23626359 22328799 12923253
1403857 1424480 1372764 1325114 1322767 1315107 1315134 2304134 2314103 1561757
44696634 54696628 54696624 55347274 55796948 55797624 53761091 45758868 44796648 44763448
18952432 18555241 22960880 27983967 27983883 20525209 18883977 18883977 18875386 18873976
24002342 23282242 23277124 23277124 26331192 33286233 33338163 34201278 24902244 24239202
29064144 29002143 29786672 30101392 29163244 36846762 39103243 39102082 39102343 33164143
860787 2296462 899160 896490 834936 1760562 1233910 798162 798787 799160
5189137 5189097 5188197 5179037 5179054 4813330 5508320 9819288 4534650 5189298
3692700 3692256 3682700 3663326 7233081 2592145 2592158 2592246 2592249 2713195
18369926 17365973 17388166 17462118 17462020 22914311 28462020 28468166 19476019 18472073
7616580 13581242 7624039 7627579 7704471 8591241 7621195 7616509 7616579 7658471
221257 321578 757092 751922 313761 247760 212946 213026 212970 212936
6579857 12420574 6579975 6579979 6579862 6510585 6179161 6669955 6610584 6579255
48255410 49767897 58155197 58164515 58226994 58254656 58254656 57397142 54966904 48254645
57924470 67899966 67899822 68075320 68899827 68899878 68899931 67924478 64999833 57999976
8498991 9499216 9531443 9051118 8540041 8461226 8441527 17399996 11961117 8441117
34189259 43416752 43461095 44080208 44080295 35314550 34137108 34189702 34189259 34189259
9367781 9317901 9367744 9373901 10159841 16156744 18506911 10364753 9507910 9364810
3300486 3236658 3465664 4201856 9602130 4201396 4200582 4265744 3436678 3300486
28538533 28539311 28539577 28538634 28538578 30550447 38528567 38547384 39343503 37310450
6283865 6519619 6583865 15872407 6613214 6528762 6529520 6529566 6523967 6003967
32992785 32900782 35409282 42900299 42001280 42000286 42000299 36601282 33000298 33001279
80582 240222 181314 125742 74900 222506 70582 70582 70582 78348
6957421 6957421 6957481 6957468 6942775 6889528 6877288 6967180 10395527 13442767
4193183 3695434 7183954 4686534 3186534 3165625 4083375 4165635 4173375 4175543
12761301 12961301 22770602 20500144 12760414 12759684 12759684 12429074 11750292 11951008
18607259 18606597 19865379 28607629 28376236 22378360 17608360 17626174 17865397 18607521
19906166 20526196 20530432 20530352 29916986 30530652 30476807 20620335 20585661 20385661
20435053 30439502 30439502 26418968 20440071 20419978 19536058 20439967 20430501 20504985
37070017 37003041 37342841 38003093 45342870 48003092 47116952 47102242 47102083 43169241
9384529 9384827 16642795 17207397 10374273 10374237 10205731 9383495 9345093 9384263
42322047 42394087 42395077 44323077 52395097 52394086 52344086 52293077 52882054 50953064
6903025 13491813 10049051 6608587 6886324 6902324 6903017 6903025 6903025 6903025
21630601 21632601 21632901 22131701 28689491 31687281 31622999 26180569 21621900 21621892
918808 2448808 885883 878807 904319 974859 974883 1513819 1984882 1018340
56032119 66037902 66107419 66037813 66037802 66037320 66107320 66033120 62303213 56027909
6429644 6437844 10729744 11215824 6215824 5729744 6437939 6505399 6427724 6427834
15546769 15643139 15643139 19546073 25643139 24423900 16546069 16624796 16315562 15536974
2517001 2513967 2507076 2607056 2607078 3223956 3506978 7722956 3506078 3022878
26550528 26605529 26605503 30220529 35605503 35611161 36531529 30176905 26506512 26506509
25694453 25694439 25304434 28263432 34764418 34795403 35283443 28314429 25695408 25694453
20017104 30025811 30028004 27871551 20128015 20122364 20117080 19827459 19017104 19705470
3890196 3890195 3889536 4263097 7533868 2790795 2889185 2881526 2879795 3283415
37413191 48410991 48410091 48409902 48312092 42312428 37410945 37415349 37445348 37423191
3121995 2570727 2660727 6460751 3232094 2628506 3350827 3566207 3566205 3566105
58470150 64670152 68473755 68669872 69464656 69464656 69464744 69404107 68561143 66442829
21789414 31344563 32479427 31894484 24499324 21893484 21798404 21793488 21793495 21793461
5053467 9938507 6159435 4127499 4130039 4990087 5136597 5137109 5137598 5137566
15079407 15654359 15986359 15188383 15067357 15090481 15090481 23667356 25089507 18285534
15833594 15833014 15832598 20140597 25833504 24883339 16830498 16874905 16574909 15830522
43653827 54230450 54568897 54631992 53763800 53677998 47762927 43677998 43673480 43668927
48251771 48200801 51708612 58152612 58215531 57401871 57809612 58252792 58252791 53400959
65799674 75799674 75797927 75721507 75976007 76699587 76699664 76776091 76799675 75444515
8575141 18189299 8585340 8185140 8179290 8192049 8192058 8192099 8779399 9185200
3463768 3425969 3933188 4372666 4442834 10205037 4464878 4462676 3624937 3462935
22861080 31564162 33861080 33861034 28413269 22870428 22921620 22940787 22860620 22861080
26679461 26679141 26670460 28898132 36669724 36111188 35569824 31355704 26679723 26679731
6105281 6105281 6104058 6005319 5304796 5122019 6006389 10122002 10326109 6114058
2806094 3694630 3905522 3905522 3905580 3881282 2916533 2907095 2906523 2877094
33746054 33746069 33746147 33102989 37169696 43257859 43746044 43744467 43738102 37124477
24384632 24359141 24374357 30174357 35174571 35460042 35460042 25468554 25464860 25469148
34422202 34418932 34412228 34412238 36940177 44428941 43929615 43926111 44416107 40938841
15338539 15338539 15380232 15428539 15428582 16106268 21084182 25865090 22865090 15338483
62022285 71022285 71365399 71998276 71997615 71997659 72069217 72097585 72098116 63122285
4216371 4339512 4339588 4331630 4328584 3794630 3237502 3238584 3238592 8710535
21815363 21815565 23475468 31875468 31925468 31703992 21925479 21902491 22474873 22592985
44543687 45052671 54053145 55544619 55553172 55421788 54644718 54617920 50310787 44542245
12506394 12476322 12407384 12407383 12407383 12664162 22416896 18794833 11507394 11755329
27007955 33173927 35984925 36917845 36914095 28054167 26907695 26907953 26907955 26981483
50210442 60210342 60209442 60209366 60642066 61234166 60804167 56812171 50220453 50212553
13586456 15410456 23686209 21238208 13685455 13630954 13575445 13128151 13390345 13586345
7025766 7028762 7061766 9824809 14251763 7015712 7014809 7054809 7015719 7018805
47935822 47879124 53255819 57254973 57928069 57924909 57944808 58024906 58034809 49921217
33375202 44375029 44368103 44357879 43675141 34384936 34384936 34385890 34385937 33666361
31749956 31749857 38356486 42362920 42849945 42849946 42536177 32749955 32749955 32442819
13508879 13508879 13543015 13608879 13597635 12997765 16982283 23519834 19007080 13508879
60897093 70877103 70872454 70872454 70912192 69986183 69981393 69981344 70521434 65996172
2666367 3335983 2666466 1651954 1684283 1684283 1684289 1684293 2353129 2676377
20381185 20598646 20681190 20699695 20699651 30481182 30617141 30216597 20599180 20217141
15035442 15082545 15076580 15076580 17026011 25086006 24901640 15085679 15951075 15801610
1263818 1218539 1219640 2199640 2227628 1301628 1227539 1221628 3262830 1218630
48933783 58933858 58927218 58923178 58923683 58847119 58865599 56316399 48933759 48933759
13699111 13646749 12996665 13599278 13596721 13599095 20849095 23648557 15845646 13698179
30085091 29637351 29637344 31856664 39584095 39527244 39527264 39765983 31084507 30636353
16671137 16747580 16777493 16781469 17658469 23658515 27759358 26355803 17348359 16671137
2361287 2361277 2348382 2301482 2361197 3001767 3371197 3370467 3367477 2647757
16487115 16469379 17386611 25378095 27430900 23567396 16570280 16440900 16440912 16440380
27087596 27112943 27117595 27122995 28056270 37022249 37013952 36472517 33472087 26987596
22029515 27029516 32095346 32094947 28947948 23022278 22943017 22095256 22048917 21995348
22708996 22713536 23003536 23717896 23709036 23187466 29894646 32694646 32710006 28247916
15854418 21991058 25854418 22966676 16855447 16854508 16836097 15859457 15891158 15929395
18927376 18927220 18927221 18847377 18817221 18147327 18932249 27818227 27950304 24258326
36392303 41524856 46333637 46333637 46524802 47333527 44398423 36390442 36414073 36423636
1904916 1904997 1904918 5117997 1905817 1921817 2421817 3002278 2910807 2709268
21992929 21792931 21715639 21717157 21725656 22787256 31725668 31722192 31776829 22954511
19088285 19150707 22088874 29116701 28151779 22115800 18153379 19088395 19150810 19115774
22263761 23023866 23322966 22707147 22272660 22272661 31032786 32264847 32262687 25635067
32407868 42364401 42890305 42890305 42890348 40060971 32979425 32135426 31987959 31989416
43370541 53370541 53370541 53442604 53481541 54147246 52151895 44066126 43376130 43370462
31752480 41751782 41751784 41751741 41053033 35053131 30652782 30652782 30658355 30863926
106360 106338 105350 320091 105439 105439 320127 131440 216439 200481
11666027 21406200 12666034 12666038 12664934 12567315 12576037 12617391 12676306 12173825
13224039 13314518 13334040 15219279 23334238 20308998 13308998 12329038 13209379 13299057
11947972 21947962 15427281 11428184 10928173 10848862 10865870 11848173 11845870 11865197
31730641 42830887 42835642 42740578 39035641 32739641 32034644 31739667 31739667 31735049
23675843 23668471 23323353 32568911 32607542 32669001 24885512 22678942 22678001 23216512
224435 324435 332902 332902 332921 296988 226990 222012 679060 679507
45435819 45435819 45643702 53644260 56395452 56335494 56326860 56334260 55885103 53891903
33171816 32597762 32167763 32161835 38098713 43161853 43161524 43161906 43161914 34591426
17591380 17590925 17906733 18590733 18591378 18591324 25877128 28581380 26910823 17591380
11499779 12926383 21499560 15844950 10772660 10426482 10499879 10499247 10926375 11499773
4880783 4865950 4865947 3873359 7430574 6973270 4500622 4975725 4975957 4975957
1444762 1444762 1500584 4021964 2305527 2543661 2268180 1468206 1444136 1444762
38747979 48747659 49077692 49157669 49175226 48575229 43575236 38085660 38085917 38076237
6515076 6955192 15311819 6515075 6515069 6555298 6624809 6620752 6320731 5961051
20557260 23120354 30557159 30560271 27383635 20660341 20410453 20174453 20557166 20557260
9768379 9766379 8897614 8758344 8758344 8758344 8758559 9462574 18758474 11682909
37182401 37381872 36895402 36445400 46233401 46335930 46342872 46345400 46345401 38795929
12285630 12399702 12355768 12299702 12299706 22241686 19554840 11555722 11299702 11299702
2093079 2157705 2184122 2193080 2193799 5776759 3062058 3107692 3093023 2807691
5416806 5417624 5417538 5416620 5465807 5418725 6075807 10419539 5068810 5419556
41111918 41111917 43154019 51099388 51011888 51013919 50409288 50063483 47406752 41054012
7693244 7693244 15789282 11964027 7732032 7791996 7730379 7693244 7693244 7693244
4838992 4907644 4907645 4907645 4382375 3807545 3808929 3817065 6677079 9295065
173820 173697 180049 264049 264821 264821 520803 500958 171125 174697
14644122 14644122 14644764 14644639 14682839 16229882 24645131 24184601 15192764 15184072
52061302 52652725 61652726 63053618 63152695 63062987 62562986 62053508 62053516 58562553
40016059 43077495 50016059 49596347 49026059 49004941 48987591 43503865 39916401 39977495
16806491 20679524 26526035 26532491 16715480 16604935 17531938 17532913 17526401 17595968
50749753 56185578 60749843 60749255 61148801 61685559 61748972 61213156 58213162 50749753
11093828 19578546 12094321 12094239 12077856 11993222 11993222 11577337 11087538 11083221
15729901 18452573 25733414 25733414 15780368 15723411 15723404 16532987 16722861 16731987
18625457 18635454 19325454 28700864 28636300 23386506 17635297 17630700 17625297 18314431
35071720 45235764 45050664 45050620 45050620 36232664 35050620 35050676 35052664 35050732
39265032 38265032 38181830 42461893 48186587 48462719 49186589 49262730 49285965 40365367
17068178 17068918 23637957 27646757 26726666 18157918 18079227 18077828 17647477 17068178
28654872 28654872 33222074 38662968 38728689 39268409 35746303 28654783 28654769 28654869
6388073 6382783 6372498 6393683 6393683 6392979 6392694 7169839 13803319 6169929
