97
204
165
85
97
149
75
413
202
314
90
1613
98
100
239
144
257
91
123
95
123
162
959
192
242
171
109
218
98
78
88
123
211
206
247
825
111
303
130
98
135
84
297
125
122
87
89
188
79
97
232
173
180
725
103
88
93
140
100
100
180
297
141
386
210
161
132
651
388
97
353
370
98
98
93
100
98
290
40
95
147
134
114
103
186
86
94
162
358
70
189
156
98
81
352
242
143
202
92
90
276
176
240
97
136
87
100
97
201
176
244
93
92
177
194
1373
221
1313
141
105
88
541
93
194
139
180
168
321
107
111
139
124
148
121
99
449
96
174
156
92
98
168
51
153
120
249
97
95
99
101
280
83
611
97
95
100
308
261
91
121
182
184
188
95
183
94
102
96
99
187
99
142
107
95
96
97
433
325
145
346
419
166
113
383
124
90
112
254
294
257
78
113
95
87
186
167
92
122
101
203
301
100
98
184
132
708
83
197
97
92
99
135
100
253
93
129
154
57
100
137
88
124
100
65
164
100
107
61
118
201
173
172
100
257
47
369
247
169
100
174
152
149
247
134
782
98
94
210
79
99
93
162
99
282
99
99
