116 121 124 126
42806 56105
8 8 9 9 9 9
3077 3485 3703
7211 9286
68 68 70 70 75 75
759 856
105734 106780 107441 108487 108939
14 15 15 16 16
5 5 6 6
713800 954530
96 104 109 116 117
6779 6876
112 126 129 132 134
679914 716607 788502
10682 10780 10782 10880 12225 12323
641681 860160 868265 899035 954205
43071 62826 83480
1609877 1642750 1725475 1733357 1758348
10 10 11
85 89 102 104
1598750 1630714 1648184 1680148 1690070
143 148
6571 6612 7781 7822 7830
7 7 7 9
9362 9571 9839 11265
1002724 1090970 1134137 1191714
3301 3893 4928
582 701 721 728
1244321 1279717 1324541
5815 5912 6091 6188 6361 6458
52 56 62 62 62 65
143 144 149 150 150
886393 952265 963746 974235
1335483 1466325 1466472
8864 9164 9578 10178 10448 10478
6 8 8
14 14 14 14 14 14
57074 87291
514 569 583 614 658 669
735 859 866 875 881
164 165 170 171 171 172
90 109
1754897 1761125 1779871 1786099
1025 1064 1099
571 1043
106 106 114 114 115 123
2617 3464 3517
66 83
7948 8095 8652 8799 8851 8998
88 93 110 112
9 10 10 11
43 102
62871 91965
7149 8264 8461 9251
102921 106353 112415
256 682
103147 108516 110735 110845
825 844 858 877 889
6 10
338096 407636 651676 719804
9474 9731 10073 10120
1147 1154 1177 1184 1247
37196 42728 65611
5381 6483 7136
1234 1377 1451
325626 386817 419383
61395 72737 98523
812659 861106 912372 916303 926206 960819
73 82 84
182122 319300 370392
884 959 1038 1064
4772 5216 7940
116 121 133 136
8543 8602 9635
14494 14804 15334 15364 15644 15674
1087099 1125953 1148198 1162951 1184127 1187052
94928 96767 103964 105803
940848 965461 966481 991094 1009540 1035173
125 130 133 134
35 37 39 41
123 123 125 125 127 127
4553 6172
7 7 9 9
40485 74131
61 65 70
70 71 73 80
105 111 127
9 9 9 9 9 9
906 912 948 954 962 968
32781 38761 38781 43849 44761 46484
10527 11587 11845
1457 1483 1562 1563 1588 1589
58 65 67 71 74
14 14 15 15 15 15
9698 9848 9861 10011 10451 10601
63 64 66 67
102 119
773379 774766 797680 799067 816145 817532
134 137 143 145
90 95 96 96 97 97
1163310 1173781 1280506
953728 1021248 1025972
112 117 126 128 129 131
116495 122377 124101 128184 129983
728 1111
666 711 829
80 84 89 90 92
1043497 1044404 1045344 1046251 1066609 1067516
9 9 9 9 9 9
57 58 61
65 75 77 83 84
65 77 84 92
12 14
253722 259228 281789 404336 409842
4846 7218 7295
9878 12291 13513
670 673 882
81865 94387 108968
88526 98416 101496 111386
103 128
32 50 81
264581 338527 439564
668 701 703 759 773
32 80
6 6 7 7 7
338374 356357
122 124
80229 87617 98162
59605 64123 73098 77616
4 5 6
95 102 107 114
68083 69078 75202 76197 77639
453 554 620 709 721
103 104 112 122
39 48 67
710 714 829
9217 9849 11058 12745
63087 66083 68701 71697 72982
1415319 1421964 1563816
215075 443120 627500
10 10 10 10 11 11
10 10 10 10
893517 1019636 1031708 1056060 1064110
44 46 55 57
152 156 158 158 159 159
407 713
103961 105504 119760 120788 121303 125451
11 11 11
10 10 11 11
4 9
7 7 7 7
1039197 1083237 1093868 1112782 1129347 1133200
2620 3141 4103
1276 1327
259031 287177
113605 115802 127018 128287 129215 129457
85418 89243 98389
58 66 76 84
107 120 126
466 486 577 585 597
37 47
611 1253
43 44 49 50 57
45175 45967 57580
951125 957884 1027870 1031327 1034404
4279 4326 4465 5378 5425
75657 108431
12 12 12 12 13 13
76665 81556 81764 85598
690 696 837
37 47 50
96976 97346 105634 106004 108721
18 18 19 19 19
8093 8648 10089 10644
1179 1184 1382
19620 57301
7044 8482 9465
56233 88887
1041093 1254397
1528999 1634499
48 71
10 10 10 12 12 12
51890 56338 57046 61494
10 11 12
10 10 10 10 10 10
848823 1071658
13922 15013
11 13
92157 97936 106049
7925 9306 9647
696 705 748 757 857
631 646 654 656 669
369232 424509 552273 607550
94 102 102 104 105
325254 648331
140394 141687 142937 143442 144230 144735
764 766 790 792 795 797
1414156 1483001 1506676 1575521
754716 765887 801594 801746 812765 812917
9330 12897
12 12 13 13 13
1180324 1181279 1422255
11744 12386 12592 12975 13234 13399
9986 10977 11188
1608422 1664526 1665310 1683816 1684190 1685363
77477 77566 79783 79872
1238423 1362197
715872 781794 787271 792953 811765 827427
1131 1233
132757 135496 136638 139377
1132 1233
16818 18946 21117 21306 23105 23245
98 133
104741 113806 114543 114860 117863 119185
16538 17239 17544 18245
532 550 565
720118 724448 729513 733843 771568 775898
8 8 8 8 9 9
7 10
34429 34549 38352 38472 51990
9979 10720
854161 854167 1081778
632 651 704 723
68 72 74
1425 1437
25 25 25 26 26 26
32 48 51 58 62
100 102 107 112 114
1094146 1118965 1125850 1138740
886 923 971 1008 1010 1047
876 918 923 965 1103
79413 103148
12861 13252
5663 6031 6288 6394 6491
150682 152461 153288 153413 155067
625331 683756 684265 697311 708398 710522
12 12 12 12 12 12
1145 1149
790 804 895 909
91 92 98 101 102
303372 323221 333119 352968 395414 403408
15 16 16 16
9 10 10
954704 1062240 1082077 1102442 1152768
7822 7938 8062 8178 8206 8235
453 685
8290 8509 8553 8628 8772
97763 99510 107018 108765
52810 55190 66163 68543 70267
8644 8973 9046 9428 9757 9830
30314 62655 65758
70 72 85 86 87
71442 72486 73748 74792 74858 77164
81 86 88 93 95 95
8 8 13
425 548 623
966 2463
1036 1139 1157 1159 1184 1212
770385 807442 849206
557359 588670 610182 641493 663378 687450
576 588 655
922029 938448 991074 1007493 1008662
64133 105001
1050 1099 1103 1140
1085 1216
8 10 10
55713 96863 101213
577533 661362 682967 766796
29778 80279 90584
987 1020 1034
519856 564044 574584 604131 614338 618772
1447235 1517132 1545249 1551082 1607615 1608340
1061 1066 1111 1116 1142 1147
362 383 385 398 406 419
552989 563425 626801 636657 637237 644872
10 10 11 11
2825 8827
90206 94047 95807 99648 102033 105219
135 144 151 153 161
8 9 10 11
970 1018 1023 1065
728 743 761 769 776
850 1024
21 21 21 21
157452 159501 159695 161465 163514
6001 6472 6567 6818 7289
5257 5885 6257 6939 7489
505645 564037
21698 30986 34143 35539
46309 61118
8 10 10 11
48075 50177 53957 54136 55659
10 10 11 11 11 11
1318 1344 1362 1410 1416 1428
63 71 72 76 80
1248037 1272591 1352325 1376879 1424593 1427661
122 126 129 133
15 15 15 15 15 15
1024559 1045067 1086621 1105520 1126028
301462 314122 442005 454665 471415
871 952 954 963 977 1020
1173 1298 1318
346144 370358
6 6 7 7
869644 883349 908284 921989
768 866
100314 104990 105774
8 8 8 8 8 8
1235168 1266958 1302223 1331443 1334013
119 127 128 134
12 12 12 12 13 13
16 16 16 16
71890 87692
919 926 980 987 1015 1019
58505 75091 77795
717 859
491591 493519 535806 537190 537734
729 758 772 772 801
658640 976917
37927 75859
1131323 1207517 1231043
78 78 80 80 80 82
4 10
1031 1063 1210 1242 1257
899091 1018885 1079152 1089495
145224 146814 148617
33501 56504 56565
116 127 131 135
1365 1414 1533
11760 12136 13653 13809
28466 32386 41278 45198
773 1005
9 10 11
1060707 1118265 1128036 1163927 1185594 1202651
98389 99132
127 129 131 133 137 139
6 6 6 6 8
42938 48357 49479 50547 55966 56698
13 13 14 14 14
78694 99218
10 10 11 11 11 11
4522 4523 4878 5407
498747 546015 607444 654712 712379
12 12 13 13 13 13
121607 124352 126563 129308
942 1038 1038
8 10
80553 87447 88652 95546 96221
341282 506945
113357 115482
11 11 12 12 12
641 674 799
275390 318227 393117 428102 435954
3 5
264270 446261
122 126 137 137
9 9
598 616 641 644 659 662
7197 9006
22 22 22 23 23
9 9 10 10 10
553923 602680 603743 652500
31 42 46 61
46 91 100
46 48 48 50 52 53
581 597 727 743 762
127657 134464
1861 3849
79895 82691 84465 85838 87027 88634
34 86
979 982 1022 1025 1035 1036
55 58 65 68 71 74
888 904 928 943 944 959
13 14 14 14 15 15
915 937 962 984 1098
1024701 1237246 1289313
1267320 1294253 1385414 1418840
71930 88044 91414
89 92 93 94 94 96
1347853 1425021 1565712 1642880
14485 14574 16475
109 111 113 115 118 118
119860 120763 124780 125683 133307 134210
42612 71049
298876 438615
73511 84078 89068 89956 92226 95688
15 15 16 16 16 16
7 8
13 13 13 13 14 14
11761 11909 11977 11986 12125 12134
96698 98884 105328
1317 1358 1365 1387
1405736 1465819 1496500
8044 9080 9157 9795 9802 9867
6998 7412 8191 8223 8555
105259 108879 110071 111118 113691
1167228 1275865 1279079
5 11
6903 7759 8127 8229 8361 8567
109616 122535 125690
105311 115147
87756 97211 98294 104236
15 15 15 15 15 15
62592 89827
73 80
118 118 123 123
12 13 13
14649 16538 38266 38385
18 19 19 19 20
4 4 4 4
91 108 110
101 102 115 116
1157 1208 1355
9 13
553 659 666 684 759
931048 1082135
137 142 142 143 147 147
48 56
5799 10534 11468
517089 518025 574685 575621
104 105 105 108 109 109
10050 10938
642 704 705 712 715
47 63 69
55533 61831 66535 72138 72833
4462 4685 5239 5251 5462 5474
116 116 119 119 120 120
613 636 657 667 673 680
6 11
36 62
12 12 12
837304 859049 909809 931554 935129 937089
548200 552336 734351 738487
536799 585313 684321
64019 64584 66900 67465
14 15 16 16 16
92 95 98 101 109 112
5057 5059 5781 5783 6065
960501 968293 986204 993996
61 65 73 73
8 8 9 9 9 9
4915 5477 5520
12191 12240 12702 12751 12773 12816
7 8 9
625 928 948
111 117
119068 119417 119463 119812 123176
4202 4403 4762 4963 5289
8424 8701 8949 9337 10273
8 9 9 9 9
127836 131186 136414 136826 139764
6969 7427
406688 460049 495724 497404
7584 8337 8551 9234
914 922 934 942
91 92 93 93
129 134
9092 9179 9202 9279 9289 9322
8 9 9 10
4 11
58260 58488 79593
93739 96206 101556 104023
976222 987518 1145507 1156803
44 83
12 12 12 12 13
5 6 7
871577 874139 880372 882934 926249 928811
651620 693125 717284 758789 785733 810030
148 148 148 148 150 150
1282384 1298518 1391374 1393950
120281 121452 126401 127474 127572 128645
1127213 1130129 1157816
592861 686215 692670 786024
494913 528139 534002 567228 613142
16 18 19
87300 88288 94444 95432 97128
7 9
39180 98207
702 735 737 770 814 816
96 105
1000 1057 1149 1164
6199 6467 6987 7078 7255
582 593 692 703 717
18 18 19 19 19 19
551 719 780
7904 8553 8572 8807 9168 9221
6558 6843 8361
6 7 7 8 8
5756 6209 6561 6957 7014 7199
92 103 105 106 116 119
65396 66557 80476 81637
10881 11126 11862
54 55 56 57 57 58
14217 14300 14304 14387 14760 14843
25888 32455 33379 39946
10024 10342 11348
72 76 77 78 79 80
44242 48056 50285 54099
801 849 892 894 898 907
1043122 1103647 1123256
86 88 90 91 92
72 73 74 74 75 75
10395 13594 14198
6 6 7
9071 9309 9447 9685
367886 473760 646467
104735 109445 109679 111837 112173
8480 8614 9530 9664
10 10 10
1110 1123 1272 1285
922818 1020413
2167 2434 2643 2907 2910
960 977 992 1009 1018 1027
10 11
112 137
385450 414306 452227 475023
724 747
196 223 381
6 6
526 532 564 570 597
102 103 104
996235 1027531 1033686 1047976 1050560 1052979
40 43 47 47 50 51
133331 136840 136960 138776 140469 142285
358 433 504 578
79 116
1156 1183 1207 1225 1234
124 132 140 148
14 14 14 14 14 14
272596 308451 492064 527919
1308873 1328453 1338132 1357712 1363500 1392759
59 60 69 70
47574 51548 55863
7909 11236
27 54
85 93 93 94 97
8309 10524
7906 7937 8339 8370 8685
1043 1145 1225
69917 70279 73727 74089
935028 1045600 1070633 1130869
986443 991113 998370 1001597 1003040 1006267
66 70
1414 1422 1422 1430 1446 1454
9 9
753 870 895 921
598 616 643 661 678 696
127456 128193 133148 133578
96 100 118
7 7 8
9 10 10 10 10 10
81864 112932
634291 673429 689324
803 872 885 948
5418 5739 6287 6489 6608 6739
600805 617313 659717 659808 672991 676225
769118 873781
79 80 81 82 82 83
13 13 13 13 14
67 75 75 77 80 82
49267 50046 50417 50803 51196
58 83 98 100
317 706
15 15 15 15 15
4609 5298 6069
63000 68830 71495 77325 78450
54468 57439 59750 62721 64035
5795 6270
436160 482682 487775 534297
766471 1264920
751 814 875 877
611 666 688 718 721
91 103
2 9
133109 138469 138863 144223 144900
8456 8599 9510 9653
397 442 471 516 565
9909 9956 10658 10705 11113
14 43
93133 93769 96174 98987 99623
13 13 14
129 136
112 120 140
349 380
314721 352634 374010 431737 454583 469650
800 849 950 988 999
1142 1179 1232 1269
11 11 12
19 19 21
8481 8951 9228 9279 9347
13 13 13 13 13 13
533 576
7929 8748 8796 9934
640 656 706 722
1471 1538 1557 1571 1638
64 94
33 70
1273012 1419250
14 14 14 14 14 14
8 9
6 9
744 1144 1211
78 79 82 83 84 85
56 70
87048 88899 89008 90859 96738 98589
826 1147
4 9
7185 7259 7419 7493 9150
36 83
50 82
6 7
2161 3286 3634 4759
61419 93169
13 13 14 14
1035 1146 1382
852 857 1012
716769 804588 811780 812606 841987 851342
6802 7085 8091
94957 95112 96202 96357 97766
760792 760801 805133 852663 852672 860144
55 58
828 874 882 890 891 898
15118 15261 15475
1713 1742
992 1088 1097 1116 1164 1193
10 12 13 13
531 658 702 717 815 824
735 745 845 855 875
151 160 163 168
388 412 444 459 476 483
71379 77639 82627 83505
1139 1217 1224 1302
136 146 147
6730 6747 7216 7233 7475 7492
3098 3529 3663 3807 4094
98 104 105 107
71 89 98
12273 12438 12477 12546 12711 12750
58012 62467 67476 67502 71931
57576 71200 79830 81322
61478 72054 72319 72628 79875
334692 797173
568 581 624
4977 5252 6111 6299 6363
6 8
101 102 105 106 107
754888 784311 868911 931046
70067 73087 76976 78175
127207 131234 141753 144550
941686 948235 954567 961116 983202
99978 101329 105345 105473 105702 106696
121 128
55448 60255 60424
3176 8275
8487 8710 10044 10309
921 943 989 1008 1011 1018
93315 104378
1009 1094 1143
11 11 11 11 11 11
111 125
6 6
10875 11615 11682 12204
56 62
492644 495081 532304 534741 552968 555405
8007 8133 8890 9016 9416
6754 7040 7870 8156 8660
853 877 883 1002 1026 1032
69664 70298 70529 71163 80304 80452
8364 8411 9030 9077 9568 9588
25 103
95 96 105 124
811 932 939 1060
997 1321
12880 13564 13657 14191 14341
51878 58684 67175
16 16 16 16 17 17
9 9 9 9 10
9 10 10 11
151787 153081 153115 154409 154754
76623 98020 109351
7351 8027
988 1215
91940 110163 119262
667 679 769
1252538 1272209 1295998 1303835 1323506
342 402
1505331 1548899
30 31
306 429 589
11643 11941 12198 12442 12496
625308 751522
416 755
1083 1718
7380 7854 9383 9756 9857 9943
80 86 88 94
889 923 926 972 999 1006
6621 7675 7810
7 8 8 9
131 134 145 145
279 281 401 441
13 13 13 13 14 14
59 68 69
6 7 8 8
1159 1180
1011 1076 1133
6419 8956 9041 9242 9427
98322 98375 98886
103331 104728 106751 108148
620295 622503 629590 631798 714305
1026 1206 1268 1300 1333
8009 8521
7 11
6168 9418
38 52 66 67
3055 3961 4647 4906
146 147 156
740081 789323 820041 836813 849034 852379
10 10 10 10 10 10
133675 134293 137730 138348 140009 144064
899880 975970 1002101 1014724 1023863 1030471
11210 11420 11897 12035 12107
62832 71182
1410680 1428160 1479471 1496951 1560974
5427 6780 7072
10408 11543 11866
15 15 15 15 16 16
9 9 9 11
12 13 13
79 85 89 92 92 93
12 13
893226 894526 912465 937192 938492 942472
8 8 8 8 9 9
9586 9868 10087 10122
11297 11314 11389 11574 11591 11666
91931 92315 99450 99834 101979
1263 1277 1410 1424
1605 1638 1669 1694 1702 1707
1132051 1167751 1267605 1324926
1029 1052 1175 1195
924 995
10 10 11 11 11
10 11 12
104 110
6795 7859 8065 8795 8913 9129
61140 67526 72967 74911
960 995 1025 1060
479659 725278 733344
803115 854181 949778
95 101 106 109 111
8 8 9 11
108657 114226 123847
624 658 807 815
13875 13928 14200 14253 14588 14609
74 76 83 95 96
869895 1196074
66570 68246 72971 74202 75878
6074 6740 7030 7163 7330 7488
76046 82304 85815 92073 92205
8 8 9 9 10
70 76 78 81 83
15 15 15 15 15 15
8021 8645 9147
810 879 885 945 954
581 647
127781 130367 131357
30918 54703
10 11 11 11 11 12
8 9 10
1058 1440
10 11 11 12 12 12
621539 648858 742003 750987 769322 778306
566974 679111 980260
9739 10053 10093 10407 10880 10901
6118 7379 8072 8149
76 81 92 114
91 92 94 94 95 95
1142 1146 1170 1174 1255
11342 12319 12867 13563
7217 7594 7714 8086 8091 8137
10 10 10
844698 1031853 1099024
290 507
12 12 13 13
6660 7251 9111 9702
856 873 933 938 950
7721 26645 39321
12 12 12 12 12 12
7419 7809 9507 9897
14 14 14 14 15 15
51 60 60 61
1092 1097 1103 1108 1151 1156
17 17 18 18
32519 32756 42863 43100
482417 509300 545165 614121 641004 643073
17 17
74217 99165 100502
138 139
9 9 11 11 11
696 709
459 723
900 1000 1031 1131
7939 9368 10060 10155 10330
1249 1250 1250 1251 1296 1297
959 1021 1034 1070 1083 1096
817676 821176 972537 976037 1004159 1007659
60 73 74 78 78 80
10 11 11
119 120 121 122 123 124
5 5
893 904 939 950 975 983
112074 112319 114009 116967 119843 120088
88 93 95 100 103
14 14
9836 10494 10567 10670 10726 11225
3499 5986
74 85 89 91
10349 10491 10756 10819 10898 11164
646826 889671 893644 1026997
566203 730752 731759 816967
10 11 11 11 11
65 67 120
168495 170322 172291 174118 175057 175313
959 1054 1073 1168
96343 97774 101136 101458 102567 102889
1204 1456 1472 1498 1606
3358 3722 4366 4821 5185
686221 713118
10 10 11 11 11
1057237 1067370 1133653 1143786 1218751 1220167
12939 13004 13235 13300 13562 13627
7511 8165 8471 9071 9125
77138 80068 84303 87233 90318
196664 334725 408823
77169 84699 88241 95064 95771
66735 67751
825611 1065665 1095839 1109117
92726 106092 115377
868998 1040269
113556 124143 126015 127113
1259 1294 1324
4 10
81 84 94 96
29 38 45 48
9509 9555 9662 9708 9926 10079
6 7
58526 60735 72327
25 51 64
15734 16575 16920 17120
13 13 14 14
1097537 1119391 1151893
12 13 14
13411 14199 14421 14598
30423 38062 42424
6 6 6 6 6 6
10 10 11 11 11
15 15
880 910 985 1027 1106 1135
965451 1029360 1108467 1151733 1154985
784 830 871
8 8 9 9
681 891
6399 6761 6976
13 13 13 14
10 10 10 10 12
111 112 122 123 130
13 13 13 13 14
14 15 16
94737 96890 106918 109071 119511
74980 75401 78072 78493 84243 84664
431 536 540 590
94 101 102 103 105
86 119 124
281072 308369 514325 572132 599429
1163204 1179328 1235682 1251806 1252051 1268175
111331 123237 130088
42457 44198 45383 45883 47124
741431 1022789
9 9 9 9 9 9
103 260 457
413 551
486124 647794 657409
677882 685160 739093 746371 812156 819434
65874 67634 74264 76024
725 805 869 949
29772 33191 33864 37283
14 15 15 16 17
287 569
128 130 131 132
5724 8087 8275
103940 104609 109941 110610 112398 113067
1098 1373
91878 105867 107001 109099
1511 1636 1694
669028 678437 712692 722101 730999 740408
1292 1305 1334 1340 1347 1353
16955 17555 17960 18652
1280823 1347800 1355787 1366927
62260 64409 67359
95819 100306 105338 108125
51649 52423 57967 58741
615290 618913
84 86 93 95
5396 6515 9815
54 59 60 61 63 65
15 15 15 15 16
5873 6148 6650
513 633 663
2143 3115 4151
727 729
130971 173936
958 974 994 1008 1072
922602 938955
23539 46223
8549 9689 9937 11077
5846 6600 6625 7357 7379
4331 4988 5837
10 11 11 11 11 11
406874 458398 491974 543498
13 13 14 14 14 14
19 19 19 19 19 19
110373 110384 113605 113616 113795 113806
593549 597001 620845 624297 631692
1035 1039 1039 1043 1064 1068
366 624
58925 60118 60482 61675 66551 66701
866 880 973
21 21 34 34 34 34
54 76
59709 64473 66663 68461
12 12 13 13 13 13
8011 8997
89262 92555 92897 93568 94488 94717
3583 4785 5014
1125 1130 1138 1143 1192 1197
8 9 9 9 10
329173 506902 536913 561608
3173 5024 6547 6676
175002 507664
1158 1276
230 394
13 13 13 13
104 107 121 123
8 10
589 1069
580318 639842 645637 645668 705161
97 105 107 108 108 110
762 798
6829 7071 7574 7607 7816 7849
790953 848607 1118057
62028 62581 63298 63698 63851
9 9 9 9 9
8 9 9 10
54 79
105305 111474 117476 121896
70651 73050 85792
798 1030 1040
44745 48272 50220 53747
1571 1572 1583 1584 1640 1641
1113591 1114359 1162067 1162835 1164380 1180638
4374 4451 6281 6358 6690
66880 70655 71309 72433 75084
88 89 91 92
816672 822346 850462 856136
3 9
87769 92017 97566 101814 106195
322 478 884
40362 109077
6 6 9
61586 63388 64216 65628 66569 67430
40426 54612 68110
5 5 7
31924 38198
4 9
9843 10225 10849
870 887 916 933 1006 1013
857 978 1037 1050
992088 998404 1014622 1020938
6543 6908 7042 7407 7411 7776
119 134
16 17 17 17 17 17
10 10 10 10 11 11
522 546 551 575 679
534390 716510 772712
404759 525483
8805 9984
6856 7408 8015 8505 8567
138296 167245 217179
154049 155987 156693
8557 9642 9972
1150265 1177483 1260348 1276842
132419 136771 137385 138789 139737
116517 116521 117263 118307 119153
15512 15520 15684 15692
467 479 565
6 8
7 12
8623 8822 9614 9813 10116 10177
66979 70438 90762 94221
4981 6381
