9799
4992
21841
22188
3760
31261
9694
6421
307
19824
5053
406
5237
25231
35007
7929
6330
10989
11955
28368
9111
1354
13483
7364
37181
8419
11605
287
1584
2882
4167
3277
840
20853
24844
1138
22918
7616
4946
29770
10069
4886
45382
3290
6340
2148
17476
8979
21100
21131
5041
8397
12354
7131
12463
12385
17144
5337
832
7177
9083
7225
12008
4096
5697
24050
24148
2704
10990
3543
28229
2413
3113
28128
20632
35225
18193
16920
27043
5734
1403
16845
1355
2225
12244
12394
20414
9512
16192
14596
12576
36030
4458
9778
21913
4042
4117
16379
4813
9064
