   -10  1000  1000  1000  1000  1000  1000  1000
  1000  1000   -10  1000  1000  1000  1000  1000
  1000   -10  1000   -10  1000   -10  1000  1000
   -10  1000   -10  1000  1000  1000   -10  1000
  1000  1000  1000   -10   -10  1000  1000  1000
  1000   -10   -10  1000  1000  1000   -10  1000
  1000  1000  1000   -10  1000   -10  1000  1000
    -1  1000   -10  1000  1000  1000  1000   -10

9 2 1
8 2 2
7 2 3
8 3 3
9 2 3
8 3 2
7 2 3
8 2 3
8 4 3
9 2 3
9 3 3
9 3 3
9 3 2
8 2 3
8 4 3
9 2 3
9 4 3
   -10  1000  1000  1000  1000  1000  1000  1000
  1000  1000   -10  1000  1000  1000  1000  1000
  1000   -10  1000   -10  1000   -10  1000  1000
   -10  1000   -10  1000  1000  1000   -10  1000
     3     3  1000   -10   -10  1000  1000  1000
     2   -10   -10     3  1000  1000   -10  1000
     2     1     2   -10  1000   -10  1000  1000
     2     1     2     3  1000  1000  1000   -10

King Peter, you can't go now!
